================================================================================
MULTI-DAY DISCOVERY RUNNER
================================================================================
mode:             smoke
exchange:          binance
stream:            bbo
symbol:            ADA/USDT
date_range:        20260204..20260204 (1 day(s))
permutation_test:  OFF (CLI)
heapMB:            6144
heap_limit_mb:     6192
progressEvery:     1
================================================================================

[Dataset] Resolving day files...
[Dataset] progress 1/1: date=20260204 parquet=adausdt_20260204.parquet meta=adausdt_20260204_meta.json
[Dataset] resolved 1 day(s); meta.rows_total=4039
[dotenv@17.2.3] injecting env (53) from .env -- tip: âš™ï¸  write to custom object with { processEnv: myObject }
[dotenv@17.2.3] injecting env (0) from .env -- tip: ðŸ—‚ï¸ backup and recover secrets: https://dotenvx.com/ops

[Run] output_dir=runs/multi-day-discovery/2026-02-08T08-41-20-652Z_binance_bbo_adausdt_20260204_20260204_smoke_perm-off
[Run] starting EdgeDiscoveryPipeline.runMultiDayStreaming(files=1)...

[StatisticalEdgeTester] Permutation test: DISABLED (DISCOVERY_PERMUTATION_TEST=false)
[StatisticalEdgeTester] âš ï¸  Statistical validation will rely on t-test + Sharpe only
[EdgeDiscoveryPipeline] ========================================
[EdgeDiscoveryPipeline] Running multi-day discovery (STREAMING) with 1 files
[EdgeDiscoveryPipeline] ========================================
[EdgeDiscoveryPipeline] Step 1: Creating iterator factory...
[DiscoveryDataLoader] Loading multi-day data (streaming): 1 files
[DiscoveryDataLoader] Training regime model on first file (streaming)...
[DiscoveryDataLoader] Collecting regime vectors (streaming)...
{"event":"replay_stats","run_id":"c4fc4309-918d-4228-935e-c73450998db6","manifest_id":"ccd3a95ea4b6","parquet_path":"data/test/adausdt_20260204.parquet","batch_size":10000,"emitted_rows":4039,"duration_ms":407,"stop_reason":"EOF"}
[DiscoveryDataLoader] Collected 3821 regime vectors from 4039 events (218 warmup)
[DiscoveryDataLoader] Regime model trained: 4 clusters
[DiscoveryDataLoader] Memory: regime vectors GC-able now (3821 vectors)
[DiscoveryDataLoader] Metadata prepared (totalRowCount: TBD via iterator)
[DiscoveryDataLoader] Iterator factory ready for streaming
[EdgeDiscoveryPipeline] Iterator factory ready. Estimated rows: null
[EdgeDiscoveryPipeline] Step 2: Preparing streaming dataset...
[EdgeDiscoveryPipeline] Dataset ready (streaming mode)
[EdgeDiscoveryPipeline] Step 3: Scanning for patterns...
[PatternScanner] Scanning with methods: threshold, quantile, cluster
[PatternScanner] Mode: STREAMING (async iterator detected)
[PatternScanner] Running threshold scan (streaming)...
[DiscoveryDataLoader] Streaming file: data/test/adausdt_20260204.parquet
{"event":"replay_stats","run_id":"cca51255-0216-44e4-ac36-26aa8c19147d","manifest_id":"ccd3a95ea4b6","parquet_path":"data/test/adausdt_20260204.parquet","batch_size":10000,"emitted_rows":4039,"duration_ms":245,"stop_reason":"EOF"}
[DiscoveryDataLoader] Day collected: 3821 rows from 4039 events (218 warmup)
[DiscoveryDataLoader] Day streamed: 3821 rows yielded
[PatternScanner] Testing 810 threshold configurations...
[DiscoveryDataLoader] Streaming file: data/test/adausdt_20260204.parquet
{"event":"replay_stats","run_id":"83e02afc-769a-480f-905c-d1e801010bcc","manifest_id":"ccd3a95ea4b6","parquet_path":"data/test/adausdt_20260204.parquet","batch_size":10000,"emitted_rows":4039,"duration_ms":195,"stop_reason":"EOF"}
[DiscoveryDataLoader] Day collected: 3821 rows from 4039 events (218 warmup)
[DiscoveryDataLoader] Day streamed: 3821 rows yielded
[PatternScanner] Threshold scan completed 3821 rows
[PatternScanner] Threshold scan found 441 patterns (kept 200)
[PatternScanner] Running quantile scan (streaming)...
[PatternScanner] Quantile scan pass 1: collecting feature values...
[DiscoveryDataLoader] Streaming file: data/test/adausdt_20260204.parquet
{"event":"replay_stats","run_id":"ca3f273a-b802-46cc-814c-45e7a967eee0","manifest_id":"ccd3a95ea4b6","parquet_path":"data/test/adausdt_20260204.parquet","batch_size":10000,"emitted_rows":4039,"duration_ms":185,"stop_reason":"EOF"}
[DiscoveryDataLoader] Day collected: 3821 rows from 4039 events (218 warmup)
[DiscoveryDataLoader] Day streamed: 3821 rows yielded
[PatternScanner] Computed quantiles for 9 features
[PatternScanner] Quantile scan pass 2: matching patterns...
[DiscoveryDataLoader] Streaming file: data/test/adausdt_20260204.parquet
{"event":"replay_stats","run_id":"a3768523-fa39-450a-bd19-350200774dca","manifest_id":"ccd3a95ea4b6","parquet_path":"data/test/adausdt_20260204.parquet","batch_size":10000,"emitted_rows":4039,"duration_ms":258,"stop_reason":"EOF"}
[DiscoveryDataLoader] Day collected: 3821 rows from 4039 events (218 warmup)
[DiscoveryDataLoader] Day streamed: 3821 rows yielded
[PatternScanner] Quantile scan completed 3821 rows
[PatternScanner] Quantile scan found 54 patterns (kept 54)
[PatternScanner] Running cluster scan (streaming)...
[PatternScanner] Cluster scan pass 1: building feature matrix...
[DiscoveryDataLoader] Streaming file: data/test/adausdt_20260204.parquet
{"event":"replay_stats","run_id":"d8ae538b-9677-479c-9cf9-7344a64ae161","manifest_id":"ccd3a95ea4b6","parquet_path":"data/test/adausdt_20260204.parquet","batch_size":10000,"emitted_rows":4039,"duration_ms":275,"stop_reason":"EOF"}
[DiscoveryDataLoader] Day collected: 3821 rows from 4039 events (218 warmup)
[DiscoveryDataLoader] Day streamed: 3821 rows yielded
[PatternScanner] Feature matrix built: 3821 rows
[PatternScanner] Cluster model trained (k=12)
[PatternScanner] Cluster scan pass 2: assigning cluster labels...
[DiscoveryDataLoader] Streaming file: data/test/adausdt_20260204.parquet
{"event":"replay_stats","run_id":"532c80cf-cd65-42be-8de6-983c158e07cf","manifest_id":"ccd3a95ea4b6","parquet_path":"data/test/adausdt_20260204.parquet","batch_size":10000,"emitted_rows":4039,"duration_ms":199,"stop_reason":"EOF"}
[DiscoveryDataLoader] Day collected: 3821 rows from 4039 events (218 warmup)
[DiscoveryDataLoader] Day streamed: 3821 rows yielded
[PatternScanner] Cluster scan completed 3821 rows
[PatternScanner] Cluster scan found 12 patterns (kept 12)
[PatternScanner] Found 266 total patterns (streaming)
[PatternScanner] 34 patterns passed filters (support >= 30, |return| >= 0.0005)
[EdgeDiscoveryPipeline] Found 34 patterns
[EdgeDiscoveryPipeline] Step 4: Testing patterns for statistical significance...
[StatisticalEdgeTester] Testing 34 patterns...
[DiscoveryDataLoader] Streaming file: data/test/adausdt_20260204.parquet
[DiscoveryDataLoader] Streaming file: data/test/adausdt_20260204.parquet
[DiscoveryDataLoader] Streaming file: data/test/adausdt_20260204.parquet
[DiscoveryDataLoader] Streaming file: data/test/adausdt_20260204.parquet
[DiscoveryDataLoader] Streaming file: data/test/adausdt_20260204.parquet
[DiscoveryDataLoader] Streaming file: data/test/adausdt_20260204.parquet
[DiscoveryDataLoader] Streaming file: data/test/adausdt_20260204.parquet
[DiscoveryDataLoader] Streaming file: data/test/adausdt_20260204.parquet
[DiscoveryDataLoader] Streaming file: data/test/adausdt_20260204.parquet
[DiscoveryDataLoader] Streaming file: data/test/adausdt_20260204.parquet
[DiscoveryDataLoader] Streaming file: data/test/adausdt_20260204.parquet
[DiscoveryDataLoader] Streaming file: data/test/adausdt_20260204.parquet
[DiscoveryDataLoader] Streaming file: data/test/adausdt_20260204.parquet
[DiscoveryDataLoader] Streaming file: data/test/adausdt_20260204.parquet
[DiscoveryDataLoader] Streaming file: data/test/adausdt_20260204.parquet
[DiscoveryDataLoader] Streaming file: data/test/adausdt_20260204.parquet
[DiscoveryDataLoader] Streaming file: data/test/adausdt_20260204.parquet
[DiscoveryDataLoader] Streaming file: data/test/adausdt_20260204.parquet
[DiscoveryDataLoader] Streaming file: data/test/adausdt_20260204.parquet
[DiscoveryDataLoader] Streaming file: data/test/adausdt_20260204.parquet
[DiscoveryDataLoader] Streaming file: data/test/adausdt_20260204.parquet
[DiscoveryDataLoader] Streaming file: data/test/adausdt_20260204.parquet
[DiscoveryDataLoader] Streaming file: data/test/adausdt_20260204.parquet
[DiscoveryDataLoader] Streaming file: data/test/adausdt_20260204.parquet
[DiscoveryDataLoader] Streaming file: data/test/adausdt_20260204.parquet
[DiscoveryDataLoader] Streaming file: data/test/adausdt_20260204.parquet
[DiscoveryDataLoader] Streaming file: data/test/adausdt_20260204.parquet
[DiscoveryDataLoader] Streaming file: data/test/adausdt_20260204.parquet
[DiscoveryDataLoader] Streaming file: data/test/adausdt_20260204.parquet
[DiscoveryDataLoader] Streaming file: data/test/adausdt_20260204.parquet
[DiscoveryDataLoader] Streaming file: data/test/adausdt_20260204.parquet
[DiscoveryDataLoader] Streaming file: data/test/adausdt_20260204.parquet
[DiscoveryDataLoader] Streaming file: data/test/adausdt_20260204.parquet
[DiscoveryDataLoader] Streaming file: data/test/adausdt_20260204.parquet
{"event":"replay_stats","run_id":"772ca759-5bf8-4bd4-afde-df9987456a49","manifest_id":"ccd3a95ea4b6","parquet_path":"data/test/adausdt_20260204.parquet","batch_size":10000,"emitted_rows":4039,"duration_ms":440,"stop_reason":"EOF"}
[DiscoveryDataLoader] Day collected: 3821 rows from 4039 events (218 warmup)
[DiscoveryDataLoader] Day streamed: 3821 rows yielded
{"event":"replay_stats","run_id":"0a62b505-1dc2-45eb-9fb8-f92704f292a8","manifest_id":"ccd3a95ea4b6","parquet_path":"data/test/adausdt_20260204.parquet","batch_size":10000,"emitted_rows":4039,"duration_ms":635,"stop_reason":"EOF"}
[DiscoveryDataLoader] Day collected: 3821 rows from 4039 events (218 warmup)
[DiscoveryDataLoader] Day streamed: 3821 rows yielded
{"event":"replay_stats","run_id":"ee489c5c-5a3b-49c1-be59-972f4163c01b","manifest_id":"ccd3a95ea4b6","parquet_path":"data/test/adausdt_20260204.parquet","batch_size":10000,"emitted_rows":4039,"duration_ms":790,"stop_reason":"EOF"}
[DiscoveryDataLoader] Day collected: 3821 rows from 4039 events (218 warmup)
[DiscoveryDataLoader] Day streamed: 3821 rows yielded
{"event":"replay_stats","run_id":"9d1b131f-9777-43a9-afac-84cda001a3be","manifest_id":"ccd3a95ea4b6","parquet_path":"data/test/adausdt_20260204.parquet","batch_size":10000,"emitted_rows":4039,"duration_ms":981,"stop_reason":"EOF"}
[DiscoveryDataLoader] Day collected: 3821 rows from 4039 events (218 warmup)
[DiscoveryDataLoader] Day streamed: 3821 rows yielded
[DiscoveryDataLoader] Streaming file: data/test/adausdt_20260204.parquet
{"event":"replay_stats","run_id":"a98d2736-b4e8-4878-8b66-8205b923a0ac","manifest_id":"ccd3a95ea4b6","parquet_path":"data/test/adausdt_20260204.parquet","batch_size":10000,"emitted_rows":4039,"duration_ms":1157,"stop_reason":"EOF"}
[DiscoveryDataLoader] Day collected: 3821 rows from 4039 events (218 warmup)
[DiscoveryDataLoader] Day streamed: 3821 rows yielded
[DiscoveryDataLoader] Streaming file: data/test/adausdt_20260204.parquet
{"event":"replay_stats","run_id":"0e997e3b-76f1-4d04-b629-a687f1981be1","manifest_id":"ccd3a95ea4b6","parquet_path":"data/test/adausdt_20260204.parquet","batch_size":10000,"emitted_rows":4039,"duration_ms":1367,"stop_reason":"EOF"}
[DiscoveryDataLoader] Day collected: 3821 rows from 4039 events (218 warmup)
[DiscoveryDataLoader] Day streamed: 3821 rows yielded
[DiscoveryDataLoader] Streaming file: data/test/adausdt_20260204.parquet
{"event":"replay_stats","run_id":"dbb093dc-7610-44e9-9efa-fd6174bde67f","manifest_id":"ccd3a95ea4b6","parquet_path":"data/test/adausdt_20260204.parquet","batch_size":10000,"emitted_rows":4039,"duration_ms":1518,"stop_reason":"EOF"}
[DiscoveryDataLoader] Day collected: 3821 rows from 4039 events (218 warmup)
[DiscoveryDataLoader] Day streamed: 3821 rows yielded
{"event":"replay_stats","run_id":"f976de6d-95ee-4157-82f5-de25807c28bb","manifest_id":"ccd3a95ea4b6","parquet_path":"data/test/adausdt_20260204.parquet","batch_size":10000,"emitted_rows":4039,"duration_ms":1666,"stop_reason":"EOF"}
[DiscoveryDataLoader] Day collected: 3821 rows from 4039 events (218 warmup)
[DiscoveryDataLoader] Day streamed: 3821 rows yielded
{"event":"replay_stats","run_id":"6f66e2c8-7be5-47e8-ba28-3474d4476ccc","manifest_id":"ccd3a95ea4b6","parquet_path":"data/test/adausdt_20260204.parquet","batch_size":10000,"emitted_rows":4039,"duration_ms":1850,"stop_reason":"EOF"}
[DiscoveryDataLoader] Day collected: 3821 rows from 4039 events (218 warmup)
[DiscoveryDataLoader] Day streamed: 3821 rows yielded
[DiscoveryDataLoader] Streaming file: data/test/adausdt_20260204.parquet
{"event":"replay_stats","run_id":"5638d125-b889-41f1-9425-7f1f3fd2965f","manifest_id":"ccd3a95ea4b6","parquet_path":"data/test/adausdt_20260204.parquet","batch_size":10000,"emitted_rows":4039,"duration_ms":2013,"stop_reason":"EOF"}
[DiscoveryDataLoader] Day collected: 3821 rows from 4039 events (218 warmup)
[DiscoveryDataLoader] Day streamed: 3821 rows yielded
{"event":"replay_stats","run_id":"046e99a1-b14a-47c3-9bc6-1783fb86f16d","manifest_id":"ccd3a95ea4b6","parquet_path":"data/test/adausdt_20260204.parquet","batch_size":10000,"emitted_rows":4039,"duration_ms":2171,"stop_reason":"EOF"}
[DiscoveryDataLoader] Day collected: 3821 rows from 4039 events (218 warmup)
[DiscoveryDataLoader] Day streamed: 3821 rows yielded
[DiscoveryDataLoader] Streaming file: data/test/adausdt_20260204.parquet
{"event":"replay_stats","run_id":"aa575325-d449-4cbf-8871-0aa4ae86dbfa","manifest_id":"ccd3a95ea4b6","parquet_path":"data/test/adausdt_20260204.parquet","batch_size":10000,"emitted_rows":4039,"duration_ms":2386,"stop_reason":"EOF"}
[DiscoveryDataLoader] Day collected: 3821 rows from 4039 events (218 warmup)
[DiscoveryDataLoader] Day streamed: 3821 rows yielded
[DiscoveryDataLoader] Streaming file: data/test/adausdt_20260204.parquet
{"event":"replay_stats","run_id":"a2519b98-1087-490b-8486-3a5edd9fa240","manifest_id":"ccd3a95ea4b6","parquet_path":"data/test/adausdt_20260204.parquet","batch_size":10000,"emitted_rows":4039,"duration_ms":2536,"stop_reason":"EOF"}
[DiscoveryDataLoader] Day collected: 3821 rows from 4039 events (218 warmup)
[DiscoveryDataLoader] Day streamed: 3821 rows yielded
[DiscoveryDataLoader] Streaming file: data/test/adausdt_20260204.parquet
{"event":"replay_stats","run_id":"9ee36c01-1cf6-40f8-b4f6-d7b2803e3e9a","manifest_id":"ccd3a95ea4b6","parquet_path":"data/test/adausdt_20260204.parquet","batch_size":10000,"emitted_rows":4039,"duration_ms":2726,"stop_reason":"EOF"}
[DiscoveryDataLoader] Day collected: 3821 rows from 4039 events (218 warmup)
[DiscoveryDataLoader] Day streamed: 3821 rows yielded
[DiscoveryDataLoader] Streaming file: data/test/adausdt_20260204.parquet
{"event":"replay_stats","run_id":"648d4cc6-a155-4f07-bc41-2ace6d9836a3","manifest_id":"ccd3a95ea4b6","parquet_path":"data/test/adausdt_20260204.parquet","batch_size":10000,"emitted_rows":4039,"duration_ms":2965,"stop_reason":"EOF"}
[DiscoveryDataLoader] Day collected: 3821 rows from 4039 events (218 warmup)
[DiscoveryDataLoader] Day streamed: 3821 rows yielded
[DiscoveryDataLoader] Streaming file: data/test/adausdt_20260204.parquet
{"event":"replay_stats","run_id":"05d9f835-c77e-4c9c-9ec9-bf2f81920882","manifest_id":"ccd3a95ea4b6","parquet_path":"data/test/adausdt_20260204.parquet","batch_size":10000,"emitted_rows":4039,"duration_ms":3115,"stop_reason":"EOF"}
[DiscoveryDataLoader] Day collected: 3821 rows from 4039 events (218 warmup)
[DiscoveryDataLoader] Day streamed: 3821 rows yielded
[DiscoveryDataLoader] Streaming file: data/test/adausdt_20260204.parquet
{"event":"replay_stats","run_id":"2347f3b4-abd8-4399-9df0-80492591e1fd","manifest_id":"ccd3a95ea4b6","parquet_path":"data/test/adausdt_20260204.parquet","batch_size":10000,"emitted_rows":4039,"duration_ms":3296,"stop_reason":"EOF"}
[DiscoveryDataLoader] Day collected: 3821 rows from 4039 events (218 warmup)
[DiscoveryDataLoader] Day streamed: 3821 rows yielded
[DiscoveryDataLoader] Streaming file: data/test/adausdt_20260204.parquet
{"event":"replay_stats","run_id":"cb41b914-e5ba-434d-a7dd-614959eff4fc","manifest_id":"ccd3a95ea4b6","parquet_path":"data/test/adausdt_20260204.parquet","batch_size":10000,"emitted_rows":4039,"duration_ms":3488,"stop_reason":"EOF"}
[DiscoveryDataLoader] Day collected: 3821 rows from 4039 events (218 warmup)
[DiscoveryDataLoader] Day streamed: 3821 rows yielded
[DiscoveryDataLoader] Streaming file: data/test/adausdt_20260204.parquet
{"event":"replay_stats","run_id":"2ba68271-3196-494d-9940-bd939c4ac2f6","manifest_id":"ccd3a95ea4b6","parquet_path":"data/test/adausdt_20260204.parquet","batch_size":10000,"emitted_rows":4039,"duration_ms":3637,"stop_reason":"EOF"}
[DiscoveryDataLoader] Day collected: 3821 rows from 4039 events (218 warmup)
[DiscoveryDataLoader] Day streamed: 3821 rows yielded
{"event":"replay_stats","run_id":"e6a567de-43ed-40bc-9687-f8ed4468604c","manifest_id":"ccd3a95ea4b6","parquet_path":"data/test/adausdt_20260204.parquet","batch_size":10000,"emitted_rows":4039,"duration_ms":3812,"stop_reason":"EOF"}
[DiscoveryDataLoader] Day collected: 3821 rows from 4039 events (218 warmup)
[DiscoveryDataLoader] Day streamed: 3821 rows yielded
{"event":"replay_stats","run_id":"4fa8932f-b633-4dce-9e09-8776f2cd0d83","manifest_id":"ccd3a95ea4b6","parquet_path":"data/test/adausdt_20260204.parquet","batch_size":10000,"emitted_rows":4039,"duration_ms":4043,"stop_reason":"EOF"}
[DiscoveryDataLoader] Day collected: 3821 rows from 4039 events (218 warmup)
[DiscoveryDataLoader] Day streamed: 3821 rows yielded
{"event":"replay_stats","run_id":"0db2b0b3-5391-4955-b243-55d2c8ac47da","manifest_id":"ccd3a95ea4b6","parquet_path":"data/test/adausdt_20260204.parquet","batch_size":10000,"emitted_rows":4039,"duration_ms":4199,"stop_reason":"EOF"}
[DiscoveryDataLoader] Day collected: 3821 rows from 4039 events (218 warmup)
[DiscoveryDataLoader] Day streamed: 3821 rows yielded
{"event":"replay_stats","run_id":"52357785-df88-4936-bf2e-8dee675072a6","manifest_id":"ccd3a95ea4b6","parquet_path":"data/test/adausdt_20260204.parquet","batch_size":10000,"emitted_rows":4039,"duration_ms":4348,"stop_reason":"EOF"}
[DiscoveryDataLoader] Day collected: 3821 rows from 4039 events (218 warmup)
[DiscoveryDataLoader] Day streamed: 3821 rows yielded
{"event":"replay_stats","run_id":"76ea6f52-20fd-4c11-9765-fa544f5301a2","manifest_id":"ccd3a95ea4b6","parquet_path":"data/test/adausdt_20260204.parquet","batch_size":10000,"emitted_rows":4039,"duration_ms":4557,"stop_reason":"EOF"}
[DiscoveryDataLoader] Day collected: 3821 rows from 4039 events (218 warmup)
[DiscoveryDataLoader] Day streamed: 3821 rows yielded
{"event":"replay_stats","run_id":"31d38d0f-273a-4cb2-be88-b9fa2bca977a","manifest_id":"ccd3a95ea4b6","parquet_path":"data/test/adausdt_20260204.parquet","batch_size":10000,"emitted_rows":4039,"duration_ms":4738,"stop_reason":"EOF"}
[DiscoveryDataLoader] Day collected: 3821 rows from 4039 events (218 warmup)
[DiscoveryDataLoader] Day streamed: 3821 rows yielded
[DiscoveryDataLoader] Streaming file: data/test/adausdt_20260204.parquet
{"event":"replay_stats","run_id":"df69f1c7-c1d0-4e5f-a405-ccbe4be6a457","manifest_id":"ccd3a95ea4b6","parquet_path":"data/test/adausdt_20260204.parquet","batch_size":10000,"emitted_rows":4039,"duration_ms":4895,"stop_reason":"EOF"}
[DiscoveryDataLoader] Day collected: 3821 rows from 4039 events (218 warmup)
[DiscoveryDataLoader] Day streamed: 3821 rows yielded
{"event":"replay_stats","run_id":"9d35218f-fbbf-4831-a6d9-688a3cd90ad9","manifest_id":"ccd3a95ea4b6","parquet_path":"data/test/adausdt_20260204.parquet","batch_size":10000,"emitted_rows":4039,"duration_ms":5084,"stop_reason":"EOF"}
[DiscoveryDataLoader] Day collected: 3821 rows from 4039 events (218 warmup)
[DiscoveryDataLoader] Day streamed: 3821 rows yielded
{"event":"replay_stats","run_id":"f17a1df8-b218-4af2-8ebc-1d50ff437f6e","manifest_id":"ccd3a95ea4b6","parquet_path":"data/test/adausdt_20260204.parquet","batch_size":10000,"emitted_rows":4039,"duration_ms":5235,"stop_reason":"EOF"}
[DiscoveryDataLoader] Day collected: 3821 rows from 4039 events (218 warmup)
[DiscoveryDataLoader] Day streamed: 3821 rows yielded
{"event":"replay_stats","run_id":"a45c0b72-a434-4a98-b7fe-fcad48e57818","manifest_id":"ccd3a95ea4b6","parquet_path":"data/test/adausdt_20260204.parquet","batch_size":10000,"emitted_rows":4039,"duration_ms":5386,"stop_reason":"EOF"}
[DiscoveryDataLoader] Day collected: 3821 rows from 4039 events (218 warmup)
[DiscoveryDataLoader] Day streamed: 3821 rows yielded
[DiscoveryDataLoader] Streaming file: data/test/adausdt_20260204.parquet
{"event":"replay_stats","run_id":"3dc43c31-01ff-4bc3-a334-175f44b97254","manifest_id":"ccd3a95ea4b6","parquet_path":"data/test/adausdt_20260204.parquet","batch_size":10000,"emitted_rows":4039,"duration_ms":5605,"stop_reason":"EOF"}
[DiscoveryDataLoader] Day collected: 3821 rows from 4039 events (218 warmup)
[DiscoveryDataLoader] Day streamed: 3821 rows yielded
[DiscoveryDataLoader] Streaming file: data/test/adausdt_20260204.parquet
{"event":"replay_stats","run_id":"a6142feb-83a2-4b70-9143-fa78d62bff53","manifest_id":"ccd3a95ea4b6","parquet_path":"data/test/adausdt_20260204.parquet","batch_size":10000,"emitted_rows":4039,"duration_ms":5757,"stop_reason":"EOF"}
[DiscoveryDataLoader] Day collected: 3821 rows from 4039 events (218 warmup)
[DiscoveryDataLoader] Day streamed: 3821 rows yielded
{"event":"replay_stats","run_id":"28179984-2dfd-44d5-9fe1-caede5def187","manifest_id":"ccd3a95ea4b6","parquet_path":"data/test/adausdt_20260204.parquet","batch_size":10000,"emitted_rows":4039,"duration_ms":5906,"stop_reason":"EOF"}
[DiscoveryDataLoader] Day collected: 3821 rows from 4039 events (218 warmup)
[DiscoveryDataLoader] Day streamed: 3821 rows yielded
{"event":"replay_stats","run_id":"7fde3cf9-ab63-42b6-b71a-0c8dfdd9c5c2","manifest_id":"ccd3a95ea4b6","parquet_path":"data/test/adausdt_20260204.parquet","batch_size":10000,"emitted_rows":4039,"duration_ms":6147,"stop_reason":"EOF"}
[DiscoveryDataLoader] Day collected: 3821 rows from 4039 events (218 warmup)
[DiscoveryDataLoader] Day streamed: 3821 rows yielded
{"event":"replay_stats","run_id":"59f76a5d-adde-4adf-9f19-6bd3e97acbeb","manifest_id":"ccd3a95ea4b6","parquet_path":"data/test/adausdt_20260204.parquet","batch_size":10000,"emitted_rows":4039,"duration_ms":6334,"stop_reason":"EOF"}
[DiscoveryDataLoader] Day collected: 3821 rows from 4039 events (218 warmup)
[DiscoveryDataLoader] Day streamed: 3821 rows yielded
{"event":"replay_stats","run_id":"0b355ff1-8e31-4a3b-818c-ccaaa7508fc1","manifest_id":"ccd3a95ea4b6","parquet_path":"data/test/adausdt_20260204.parquet","batch_size":10000,"emitted_rows":4039,"duration_ms":5268,"stop_reason":"EOF"}
[DiscoveryDataLoader] Day collected: 3821 rows from 4039 events (218 warmup)
[DiscoveryDataLoader] Day streamed: 3821 rows yielded
{"event":"replay_stats","run_id":"6db97a18-55a1-49da-9c64-eb38949662ad","manifest_id":"ccd3a95ea4b6","parquet_path":"data/test/adausdt_20260204.parquet","batch_size":10000,"emitted_rows":4039,"duration_ms":4976,"stop_reason":"EOF"}
[DiscoveryDataLoader] Day collected: 3821 rows from 4039 events (218 warmup)
[DiscoveryDataLoader] Day streamed: 3821 rows yielded
{"event":"replay_stats","run_id":"6b256525-f82a-4f4d-8333-bed5f75b3a6e","manifest_id":"ccd3a95ea4b6","parquet_path":"data/test/adausdt_20260204.parquet","batch_size":10000,"emitted_rows":4039,"duration_ms":4442,"stop_reason":"EOF"}
[DiscoveryDataLoader] Day collected: 3821 rows from 4039 events (218 warmup)
[DiscoveryDataLoader] Day streamed: 3821 rows yielded
{"event":"replay_stats","run_id":"62b311b9-b9ee-4a9a-846b-e6d1e2aeae71","manifest_id":"ccd3a95ea4b6","parquet_path":"data/test/adausdt_20260204.parquet","batch_size":10000,"emitted_rows":4039,"duration_ms":4406,"stop_reason":"EOF"}
[DiscoveryDataLoader] Day collected: 3821 rows from 4039 events (218 warmup)
[DiscoveryDataLoader] Day streamed: 3821 rows yielded
{"event":"replay_stats","run_id":"4095ef59-53ad-40c2-b2ee-a5f3763cdb3f","manifest_id":"ccd3a95ea4b6","parquet_path":"data/test/adausdt_20260204.parquet","batch_size":10000,"emitted_rows":4039,"duration_ms":4373,"stop_reason":"EOF"}
[DiscoveryDataLoader] Day collected: 3821 rows from 4039 events (218 warmup)
[DiscoveryDataLoader] Day streamed: 3821 rows yielded
{"event":"replay_stats","run_id":"50c000ad-bc1e-4c31-b599-317780be6ab2","manifest_id":"ccd3a95ea4b6","parquet_path":"data/test/adausdt_20260204.parquet","batch_size":10000,"emitted_rows":4039,"duration_ms":4368,"stop_reason":"EOF"}
[DiscoveryDataLoader] Day collected: 3821 rows from 4039 events (218 warmup)
[DiscoveryDataLoader] Day streamed: 3821 rows yielded
{"event":"replay_stats","run_id":"4687a311-917e-44f7-a981-af5da3c12ee4","manifest_id":"ccd3a95ea4b6","parquet_path":"data/test/adausdt_20260204.parquet","batch_size":10000,"emitted_rows":4039,"duration_ms":4334,"stop_reason":"EOF"}
[DiscoveryDataLoader] Day collected: 3821 rows from 4039 events (218 warmup)
[DiscoveryDataLoader] Day streamed: 3821 rows yielded
{"event":"replay_stats","run_id":"36ddcee9-b204-46be-8232-04524313e024","manifest_id":"ccd3a95ea4b6","parquet_path":"data/test/adausdt_20260204.parquet","batch_size":10000,"emitted_rows":4039,"duration_ms":5666,"stop_reason":"EOF"}
[DiscoveryDataLoader] Day collected: 3821 rows from 4039 events (218 warmup)
[DiscoveryDataLoader] Day streamed: 3821 rows yielded
{"event":"replay_stats","run_id":"a6f525df-fe7a-48f4-82f7-a55044a000aa","manifest_id":"ccd3a95ea4b6","parquet_path":"data/test/adausdt_20260204.parquet","batch_size":10000,"emitted_rows":4039,"duration_ms":5657,"stop_reason":"EOF"}
[DiscoveryDataLoader] Day collected: 3821 rows from 4039 events (218 warmup)
[DiscoveryDataLoader] Day streamed: 3821 rows yielded
{"event":"replay_stats","run_id":"bb23062e-0ed5-466f-b5a0-f2912235e8b6","manifest_id":"ccd3a95ea4b6","parquet_path":"data/test/adausdt_20260204.parquet","batch_size":10000,"emitted_rows":4039,"duration_ms":4865,"stop_reason":"EOF"}
[DiscoveryDataLoader] Day collected: 3821 rows from 4039 events (218 warmup)
[DiscoveryDataLoader] Day streamed: 3821 rows yielded
{"event":"replay_stats","run_id":"1aa3e2b9-4bed-4acb-8f59-b778505b91cf","manifest_id":"ccd3a95ea4b6","parquet_path":"data/test/adausdt_20260204.parquet","batch_size":10000,"emitted_rows":4039,"duration_ms":2931,"stop_reason":"EOF"}
[DiscoveryDataLoader] Day collected: 3821 rows from 4039 events (218 warmup)
[DiscoveryDataLoader] Day streamed: 3821 rows yielded
{"event":"replay_stats","run_id":"2b4730b9-78b2-4fa7-b523-791a0bcb4379","manifest_id":"ccd3a95ea4b6","parquet_path":"data/test/adausdt_20260204.parquet","batch_size":10000,"emitted_rows":4039,"duration_ms":3363,"stop_reason":"EOF"}
[DiscoveryDataLoader] Day collected: 3821 rows from 4039 events (218 warmup)
[DiscoveryDataLoader] Day streamed: 3821 rows yielded
{"event":"replay_stats","run_id":"a3dbadc7-0bdd-4550-be9e-cd7df116e1aa","manifest_id":"ccd3a95ea4b6","parquet_path":"data/test/adausdt_20260204.parquet","batch_size":10000,"emitted_rows":4039,"duration_ms":7845,"stop_reason":"EOF"}
[DiscoveryDataLoader] Day collected: 3821 rows from 4039 events (218 warmup)
[DiscoveryDataLoader] Day streamed: 3821 rows yielded
{"event":"replay_stats","run_id":"bb704fd7-e866-4bfc-826a-4b4d3aa7d7a6","manifest_id":"ccd3a95ea4b6","parquet_path":"data/test/adausdt_20260204.parquet","batch_size":10000,"emitted_rows":4039,"duration_ms":8173,"stop_reason":"EOF"}
[DiscoveryDataLoader] Day collected: 3821 rows from 4039 events (218 warmup)
[DiscoveryDataLoader] Day streamed: 3821 rows yielded
{"event":"replay_stats","run_id":"5aa6d381-1a8b-42f5-964a-4bc284fcd682","manifest_id":"ccd3a95ea4b6","parquet_path":"data/test/adausdt_20260204.parquet","batch_size":10000,"emitted_rows":4039,"duration_ms":4577,"stop_reason":"EOF"}
[DiscoveryDataLoader] Day collected: 3821 rows from 4039 events (218 warmup)
[DiscoveryDataLoader] Day streamed: 3821 rows yielded
[StatisticalEdgeTester] Applying Bonferroni correction: 0.05 / 34 = 0.001471
[StatisticalEdgeTester] Results: 34 ACCEPT, 0 WEAK, 0 REJECT
[EdgeDiscoveryPipeline] 34 patterns passed statistical tests
[EdgeDiscoveryPipeline] Step 5: Generating edge candidates...
[EdgeDiscoveryPipeline] Limiting to 20 edges (from 34)
[EdgeCandidateGenerator] Generating 20 edge candidates...
[EdgeCandidateGenerator] Generated 20 edges
[EdgeDiscoveryPipeline] Generated 20 edge candidates
[EdgeDiscoveryPipeline] Step 6: Registering edges...
[EdgeDiscoveryPipeline] Registered 20 edges in registry
[EdgeDiscoveryPipeline] ========================================
[EdgeDiscoveryPipeline] Multi-day discovery complete in 11.6s
[EdgeDiscoveryPipeline] Patterns scanned: 34
[EdgeDiscoveryPipeline] Patterns passed tests: 34
[EdgeDiscoveryPipeline] Edge candidates generated: 20
[EdgeDiscoveryPipeline] Edges registered: 20
[EdgeDiscoveryPipeline] ========================================

================================================================================
DISCOVERY SUMMARY
================================================================================
patterns_scanned:          34
patterns_tested_significant:34
edge_candidates_generated: 20
edge_candidates_registered:20
metadata.dataRowCount:     0
metadata.regimesUsed:      4
metadata.filesLoaded:      1
duration_ms:              11553
================================================================================
[Run] report_saved=runs/multi-day-discovery/2026-02-08T08-41-20-652Z_binance_bbo_adausdt_20260204_20260204_smoke_perm-off/discovery-report-2026-02-08T08-41-20-652Z.json
[Run] edges_saved=runs/multi-day-discovery/2026-02-08T08-41-20-652Z_binance_bbo_adausdt_20260204_20260204_smoke_perm-off/edges-discovered-2026-02-08T08-41-20-652Z.json
