============================================================
QuantLab Observer API
Mode: READ-ONLY (Verified)
Listening on http://0.0.0.0:3000
============================================================
[CONFIG] Loaded .env from: /home/deploy/quantlab/api/core/.env
node:events:502
      throw er; // Unhandled 'error' event
      ^

Error: listen EADDRINUSE: address already in use 0.0.0.0:3000
    at Server.setupListenHandle [as _listen2] (node:net:1908:16)
    at listenInCluster (node:net:1965:12)
    at doListen (node:net:2139:7)
    at process.processTicksAndRejections (node:internal/process/task_queues:83:21)
Emitted 'error' event on Server instance at:
    at emitErrorNT (node:net:1944:8)
    at process.processTicksAndRejections (node:internal/process/task_queues:82:21) {
  code: 'EADDRINUSE',
  errno: -98,
  syscall: 'listen',
  address: '0.0.0.0',
  port: 3000
}

Node.js v20.19.6
[CONFIG] Loaded .env from: /home/deploy/quantlab/api/core/.env
node:events:502
      throw er; // Unhandled 'error' event
      ^

Error: listen EADDRINUSE: address already in use 0.0.0.0:3000
    at Server.setupListenHandle [as _listen2] (node:net:1908:16)
    at listenInCluster (node:net:1965:12)
    at doListen (node:net:2139:7)
    at process.processTicksAndRejections (node:internal/process/task_queues:83:21)
Emitted 'error' event on Server instance at:
    at emitErrorNT (node:net:1944:8)
    at process.processTicksAndRejections (node:internal/process/task_queues:82:21) {
  code: 'EADDRINUSE',
  errno: -98,
  syscall: 'listen',
  address: '0.0.0.0',
  port: 3000
}

Node.js v20.19.6
[CONFIG] Loaded .env from: /home/deploy/quantlab/api/core/.env
node:events:502
      throw er; // Unhandled 'error' event
      ^

Error: listen EADDRINUSE: address already in use 0.0.0.0:3000
    at Server.setupListenHandle [as _listen2] (node:net:1908:16)
    at listenInCluster (node:net:1965:12)
    at doListen (node:net:2139:7)
    at process.processTicksAndRejections (node:internal/process/task_queues:83:21)
Emitted 'error' event on Server instance at:
    at emitErrorNT (node:net:1944:8)
    at process.processTicksAndRejections (node:internal/process/task_queues:82:21) {
  code: 'EADDRINUSE',
  errno: -98,
  syscall: 'listen',
  address: '0.0.0.0',
  port: 3000
}

Node.js v20.19.6
[CONFIG] Loaded .env from: /home/deploy/quantlab/api/core/.env
node:events:502
      throw er; // Unhandled 'error' event
      ^

Error: listen EADDRINUSE: address already in use 0.0.0.0:3000
    at Server.setupListenHandle [as _listen2] (node:net:1908:16)
    at listenInCluster (node:net:1965:12)
    at doListen (node:net:2139:7)
    at process.processTicksAndRejections (node:internal/process/task_queues:83:21)
Emitted 'error' event on Server instance at:
    at emitErrorNT (node:net:1944:8)
    at process.processTicksAndRejections (node:internal/process/task_queues:82:21) {
  code: 'EADDRINUSE',
  errno: -98,
  syscall: 'listen',
  address: '0.0.0.0',
  port: 3000
}

Node.js v20.19.6
[CONFIG] Loaded .env from: /home/deploy/quantlab/api/core/.env
node:events:502
      throw er; // Unhandled 'error' event
      ^

Error: listen EADDRINUSE: address already in use 0.0.0.0:3000
    at Server.setupListenHandle [as _listen2] (node:net:1908:16)
    at listenInCluster (node:net:1965:12)
    at doListen (node:net:2139:7)
    at process.processTicksAndRejections (node:internal/process/task_queues:83:21)
Emitted 'error' event on Server instance at:
    at emitErrorNT (node:net:1944:8)
    at process.processTicksAndRejections (node:internal/process/task_queues:82:21) {
  code: 'EADDRINUSE',
  errno: -98,
  syscall: 'listen',
  address: '0.0.0.0',
  port: 3000
}

Node.js v20.19.6
[CONFIG] Loaded .env from: /home/deploy/quantlab/api/core/.env
node:events:502
      throw er; // Unhandled 'error' event
      ^

Error: listen EADDRINUSE: address already in use 0.0.0.0:3000
    at Server.setupListenHandle [as _listen2] (node:net:1908:16)
    at listenInCluster (node:net:1965:12)
    at doListen (node:net:2139:7)
    at process.processTicksAndRejections (node:internal/process/task_queues:83:21)
Emitted 'error' event on Server instance at:
    at emitErrorNT (node:net:1944:8)
    at process.processTicksAndRejections (node:internal/process/task_queues:82:21) {
  code: 'EADDRINUSE',
  errno: -98,
  syscall: 'listen',
  address: '0.0.0.0',
  port: 3000
}

Node.js v20.19.6
[CONFIG] Loaded .env from: /home/deploy/quantlab/api/core/.env
node:events:502
      throw er; // Unhandled 'error' event
      ^

Error: listen EADDRINUSE: address already in use 0.0.0.0:3000
    at Server.setupListenHandle [as _listen2] (node:net:1908:16)
    at listenInCluster (node:net:1965:12)
    at doListen (node:net:2139:7)
    at process.processTicksAndRejections (node:internal/process/task_queues:83:21)
Emitted 'error' event on Server instance at:
    at emitErrorNT (node:net:1944:8)
    at process.processTicksAndRejections (node:internal/process/task_queues:82:21) {
  code: 'EADDRINUSE',
  errno: -98,
  syscall: 'listen',
  address: '0.0.0.0',
  port: 3000
}

Node.js v20.19.6
[CONFIG] Loaded .env from: /home/deploy/quantlab/api/core/.env
node:events:502
      throw er; // Unhandled 'error' event
      ^

Error: listen EADDRINUSE: address already in use 0.0.0.0:3000
    at Server.setupListenHandle [as _listen2] (node:net:1908:16)
    at listenInCluster (node:net:1965:12)
    at doListen (node:net:2139:7)
    at process.processTicksAndRejections (node:internal/process/task_queues:83:21)
Emitted 'error' event on Server instance at:
    at emitErrorNT (node:net:1944:8)
    at process.processTicksAndRejections (node:internal/process/task_queues:82:21) {
  code: 'EADDRINUSE',
  errno: -98,
  syscall: 'listen',
  address: '0.0.0.0',
  port: 3000
}

Node.js v20.19.6
[CONFIG] Loaded .env from: /home/deploy/quantlab/api/core/.env
node:events:502
      throw er; // Unhandled 'error' event
      ^

Error: listen EADDRINUSE: address already in use 0.0.0.0:3000
    at Server.setupListenHandle [as _listen2] (node:net:1908:16)
    at listenInCluster (node:net:1965:12)
    at doListen (node:net:2139:7)
    at process.processTicksAndRejections (node:internal/process/task_queues:83:21)
Emitted 'error' event on Server instance at:
    at emitErrorNT (node:net:1944:8)
    at process.processTicksAndRejections (node:internal/process/task_queues:82:21) {
  code: 'EADDRINUSE',
  errno: -98,
  syscall: 'listen',
  address: '0.0.0.0',
  port: 3000
}

Node.js v20.19.6
[CONFIG] Loaded .env from: /home/deploy/quantlab/api/core/.env
node:events:502
      throw er; // Unhandled 'error' event
      ^

Error: listen EADDRINUSE: address already in use 0.0.0.0:3000
    at Server.setupListenHandle [as _listen2] (node:net:1908:16)
    at listenInCluster (node:net:1965:12)
    at doListen (node:net:2139:7)
    at process.processTicksAndRejections (node:internal/process/task_queues:83:21)
Emitted 'error' event on Server instance at:
    at emitErrorNT (node:net:1944:8)
    at process.processTicksAndRejections (node:internal/process/task_queues:82:21) {
  code: 'EADDRINUSE',
  errno: -98,
  syscall: 'listen',
  address: '0.0.0.0',
  port: 3000
}

Node.js v20.19.6
[CONFIG] Loaded .env from: /home/deploy/quantlab/api/core/.env
node:events:502
      throw er; // Unhandled 'error' event
      ^

Error: listen EADDRINUSE: address already in use 0.0.0.0:3000
    at Server.setupListenHandle [as _listen2] (node:net:1908:16)
    at listenInCluster (node:net:1965:12)
    at doListen (node:net:2139:7)
    at process.processTicksAndRejections (node:internal/process/task_queues:83:21)
Emitted 'error' event on Server instance at:
    at emitErrorNT (node:net:1944:8)
    at process.processTicksAndRejections (node:internal/process/task_queues:82:21) {
  code: 'EADDRINUSE',
  errno: -98,
  syscall: 'listen',
  address: '0.0.0.0',
  port: 3000
}

Node.js v20.19.6
[CONFIG] Loaded .env from: /home/deploy/quantlab/api/core/.env
node:events:502
      throw er; // Unhandled 'error' event
      ^

Error: listen EADDRINUSE: address already in use 0.0.0.0:3000
    at Server.setupListenHandle [as _listen2] (node:net:1908:16)
    at listenInCluster (node:net:1965:12)
    at doListen (node:net:2139:7)
    at process.processTicksAndRejections (node:internal/process/task_queues:83:21)
Emitted 'error' event on Server instance at:
    at emitErrorNT (node:net:1944:8)
    at process.processTicksAndRejections (node:internal/process/task_queues:82:21) {
  code: 'EADDRINUSE',
  errno: -98,
  syscall: 'listen',
  address: '0.0.0.0',
  port: 3000
}

Node.js v20.19.6
[CONFIG] Loaded .env from: /home/deploy/quantlab/api/core/.env
node:events:502
      throw er; // Unhandled 'error' event
      ^

Error: listen EADDRINUSE: address already in use 0.0.0.0:3000
    at Server.setupListenHandle [as _listen2] (node:net:1908:16)
    at listenInCluster (node:net:1965:12)
    at doListen (node:net:2139:7)
    at process.processTicksAndRejections (node:internal/process/task_queues:83:21)
Emitted 'error' event on Server instance at:
    at emitErrorNT (node:net:1944:8)
    at process.processTicksAndRejections (node:internal/process/task_queues:82:21) {
  code: 'EADDRINUSE',
  errno: -98,
  syscall: 'listen',
  address: '0.0.0.0',
  port: 3000
}

Node.js v20.19.6
[CONFIG] Loaded .env from: /home/deploy/quantlab/api/core/.env
============================================================
QuantLab Observer API
Mode: READ-ONLY (Verified)
Listening on http://0.0.0.0:3000
============================================================
[REQ] 7324744e-7af8-4c9d-80a8-cb78bf23ce3a | GET /config | date=N/A | status=200 | 7ms
[S3] MISSING | Key: features/featureset=v1/exchange=binance/stream=bbo/symbol=btcusdt/date=20251230/data.parquet
[S3] EXISTS | Key: exchange=binance/stream=bbo/symbol=btcusdt/date=20251230/data.parquet
[REQ] 04e49698-9be8-4f4a-8b63-c4255a0b1e81 | GET /status | date=20251230 | status=200 | 115ms
[S3] EXISTS | Key: exchange=binance/stream=bbo/symbol=btcusdt/date=20251231/data.parquet
[S3] MISSING | Key: features/featureset=v1/exchange=binance/stream=bbo/symbol=btcusdt/date=20251231/data.parquet
[REQ] 1b94a4cd-0855-4c56-8e6b-96ace85cca66 | GET /status | date=N/A | status=200 | 19ms
[REQ] 0bd5662b-dfe1-4d1e-8fec-b264ad41727d | GET /config | date=N/A | status=200 | 1ms
[S3] EXISTS | Key: exchange=binance/stream=bbo/symbol=btcusdt/date=20251230/data.parquet
[S3] MISSING | Key: features/featureset=v1/exchange=binance/stream=bbo/symbol=btcusdt/date=20251230/data.parquet
[REQ] fc1e8c26-ba65-4f8c-9ec8-2d9002696f08 | GET /status | date=20251230 | status=200 | 16ms
[REQ] 228c0295-5011-4ee1-8415-a5ec09811154 | GET /today | date=N/A | status=200 | 2ms
[S3] MISSING | Key: features/featureset=v1/exchange=binance/stream=bbo/symbol=btcusdt/date=20251230/data.parquet
[S3] EXISTS | Key: exchange=binance/stream=bbo/symbol=btcusdt/date=20251230/data.parquet
[REQ] f31e040b-f133-4077-8777-7ddd9b057bf1 | GET /status | date=20251230 | status=200 | 42ms
[S3] EXISTS | Key: exchange=binance/stream=bbo/symbol=btcusdt/date=20251231/data.parquet
[S3] MISSING | Key: features/featureset=v1/exchange=binance/stream=bbo/symbol=btcusdt/date=20251231/data.parquet
[REQ] b6ec64a6-7c05-4435-8aaf-b4494ceeb8ad | GET /status | date=N/A | status=200 | 30ms
[S3] MISSING | Key: exchange=binance/stream=bbo/symbol=btcusdt/date=20200101/data.parquet
[S3] MISSING | Key: features/featureset=v1/exchange=binance/stream=bbo/symbol=btcusdt/date=20200101/data.parquet
[REQ] b83e020c-e86f-4165-a442-35394b1a146e | GET /status | date=20200101 | status=200 | 18ms
[REQ] 537e6560-c591-44e9-83a4-9e3b0649eb49 | GET /config | date=N/A | status=200 | 1ms
[S3] EXISTS | Key: exchange=binance/stream=bbo/symbol=btcusdt/date=20251230/data.parquet
[S3] MISSING | Key: features/featureset=v1/exchange=binance/stream=bbo/symbol=btcusdt/date=20251230/data.parquet
[REQ] 8189c90b-fddb-4eca-99d5-8887f96c2cb2 | GET /status | date=20251230 | status=200 | 24ms
[REQ] d83b680d-fd09-4dd2-a4a6-a839aca3c6f4 | GET /today | date=N/A | status=200 | 1ms
[S3] MISSING | Key: features/featureset=v1/exchange=binance/stream=bbo/symbol=btcusdt/date=20251230/data.parquet
[S3] EXISTS | Key: exchange=binance/stream=bbo/symbol=btcusdt/date=20251230/data.parquet
[REQ] 561c3a45-da18-4f81-ad41-a737fd1127ae | GET /status | date=20251230 | status=200 | 26ms
[S3] MISSING | Key: features/featureset=v1/exchange=binance/stream=bbo/symbol=btcusdt/date=20251231/data.parquet
[S3] EXISTS | Key: exchange=binance/stream=bbo/symbol=btcusdt/date=20251231/data.parquet
[REQ] c71a4c2e-1eb4-40be-b1fa-30123bdc0e2f | GET /status | date=N/A | status=200 | 22ms
[S3] MISSING | Key: features/featureset=v1/exchange=binance/stream=bbo/symbol=btcusdt/date=20200101/data.parquet
[S3] MISSING | Key: exchange=binance/stream=bbo/symbol=btcusdt/date=20200101/data.parquet
[REQ] 91b6cf41-548b-45ae-99a5-fd48d78d3711 | GET /status | date=20200101 | status=200 | 17ms
[REQ] 1de205c4-7de0-4888-bad3-4672bbdfe7b5 | GET /config | date=N/A | status=200 | 1ms
[REQ] 44a07f82-2d85-40be-9436-076613b42229 | GET /today | date=N/A | status=200 | 1ms
[S3] MISSING | Key: features/featureset=v1/exchange=binance/stream=bbo/symbol=btcusdt/date=20251230/data.parquet
[S3] EXISTS | Key: exchange=binance/stream=bbo/symbol=btcusdt/date=20251230/data.parquet
[REQ] 58987fc9-5766-4c69-bed7-1d4eb0a7c841 | GET /status | date=20251230 | status=200 | 10ms
[S3] MISSING | Key: features/featureset=v1/exchange=binance/stream=bbo/symbol=btcusdt/date=20251231/data.parquet
[S3] EXISTS | Key: exchange=binance/stream=bbo/symbol=btcusdt/date=20251231/data.parquet
[REQ] 758bdc92-f1ba-4174-b441-ca9d60390232 | GET /status | date=N/A | status=200 | 16ms
[S3] MISSING | Key: features/featureset=v1/exchange=binance/stream=bbo/symbol=btcusdt/date=20200101/data.parquet
[S3] MISSING | Key: exchange=binance/stream=bbo/symbol=btcusdt/date=20200101/data.parquet
[REQ] b21138fc-feec-45be-84af-d81b9cb44f8d | GET /status | date=20200101 | status=200 | 14ms
[REQ] 38ca3ea3-0521-4ebc-a161-9f394033209e | GET /config | date=N/A | status=200 | 1ms
[REQ] 8b542ea2-207a-4908-8a7a-f15d346dddef | GET /ping | date=N/A | status=200 | 1ms
[REQ] 86ff0f90-6fdd-4031-88a7-3e230828d26c | GET /today | date=N/A | status=200 | 1ms
[S3] MISSING | Key: features/featureset=v1/exchange=binance/stream=bbo/symbol=btcusdt/date=20251230/data.parquet
[S3] EXISTS | Key: exchange=binance/stream=bbo/symbol=btcusdt/date=20251230/data.parquet
[REQ] 7312af64-9151-43b4-8100-4ea976b5aedb | GET /status | date=20251230 | status=200 | 15ms
[S3] MISSING | Key: features/featureset=v1/exchange=binance/stream=bbo/symbol=btcusdt/date=20251231/data.parquet
[S3] EXISTS | Key: exchange=binance/stream=bbo/symbol=btcusdt/date=20251231/data.parquet
[REQ] 9cf9a12d-4312-4c04-b5d2-89ac2e8a5629 | GET /status | date=N/A | status=200 | 14ms
[S3] MISSING | Key: features/featureset=v1/exchange=binance/stream=bbo/symbol=btcusdt/date=20200101/data.parquet
[S3] MISSING | Key: exchange=binance/stream=bbo/symbol=btcusdt/date=20200101/data.parquet
[REQ] 61941143-0155-4c6b-a976-0be78f9316fc | GET /status | date=20200101 | status=200 | 14ms
[REQ] ef01ee40-a82e-42ae-8023-20a5a0e896f2 | GET /config | date=N/A | status=200 | 0ms
[REQ] 812ee394-d0d2-4908-a4d8-aa31fb5cd6f6 | GET /today | date=N/A | status=304 | 1ms
[REQ] 4aea5eb3-65b7-421d-b148-7dad3b6f0653 | GET /today | date=N/A | status=304 | 1ms
[S3] EXISTS | Key: exchange=binance/stream=bbo/symbol=btcusdt/date=20251230/data.parquet
[S3] MISSING | Key: features/featureset=v1/exchange=binance/stream=bbo/symbol=btcusdt/date=20251230/data.parquet
[REQ] 4d855ee3-b0a4-4c97-8ceb-f92dc4b05c67 | GET /status | date=20251230 | status=200 | 29ms
[REQ] 1718184e-f160-4d11-a821-0bde3be3db18 | GET /funnel | date=20251230 | status=404 | 7ms
[REQ] b0553017-3d60-4c6a-ac26-6257295f0492 | GET /reasons | date=20251230 | status=304 | 2ms
[REQ] 20179765-2888-4d91-a43f-932b127a41f7 | GET / | date=20251230 | status=304 | 2ms
[REQ] a897ae94-2605-46d1-92e1-c6a836ba19b2 | GET / | date=N/A | status=200 | 5ms
Shutting down Observer API...
Server closed.
[CONFIG] Loaded .env from: /home/deploy/quantlab/api/core/.env
============================================================
QuantLab Observer API
Mode: READ-ONLY (Verified)
Listening on http://0.0.0.0:3000
============================================================
Shutting down Observer API...
Server closed.
[CONFIG] Loaded .env from: /home/deploy/quantlab/api/core/.env
============================================================
QuantLab Observer API
Mode: READ-ONLY (Verified)
Listening on http://0.0.0.0:3000
============================================================
Shutting down Observer API...
Server closed.
[CONFIG] Loaded .env from: /home/deploy/quantlab/api/core/.env
============================================================
QuantLab Observer API
Mode: READ-ONLY (Verified)
Listening on http://0.0.0.0:3000
============================================================
Shutting down Observer API...
Server closed.
[CONFIG] Loaded .env from: /home/deploy/quantlab/api/core/.env
============================================================
QuantLab Observer API
Mode: READ-ONLY (Verified)
Listening on http://0.0.0.0:3000
============================================================
[REQ] 65f7cb93-62aa-4fba-89fd-40d0f33db871 | GET /today | date=N/A | status=200 | 7ms
[REQ] c77304c2-729c-425a-a7c6-e48eb4cf68f5 | GET /today | date=N/A | status=304 | 2ms
[S3] EXISTS | Key: exchange=binance/stream=bbo/symbol=btcusdt/date=20251230/data.parquet
[S3] MISSING | Key: features/featureset=v1/exchange=binance/stream=bbo/symbol=btcusdt/date=20251230/data.parquet
[REQ] 8fbed54a-0c61-413a-880e-ade60103368c | GET /status | date=20251230 | status=200 | 110ms
[REQ] ff9c3f03-3907-48a3-93aa-0c43a3525403 | GET /funnel | date=20251230 | status=404 | 7ms
[REQ] 420b729a-5041-44a6-9389-8f2d41d7bdfc | GET /reasons | date=20251230 | status=200 | 2ms
[REQ] 471f4e70-21e7-4238-8147-65b8b0f45928 | GET / | date=20251230 | status=200 | 3ms
[REQ] 0670dea2-c3f0-4038-9020-7c67e90991bd | GET / | date=N/A | status=200 | 4ms
[REQ] cb22a092-f073-4331-9553-6acb398fbf9b | GET /funnel | date=20251230 | status=404 | 2ms
[REQ] 1023cf3c-0b7c-4055-ba12-2f41fc9e1995 | GET /funnel | date=20251230 | status=404 | 2ms
[REQ] 586c300a-2357-4b08-a8e1-e41642d33f1f | GET /funnel | date=20251230 | status=404 | 3ms
[REQ] 9e6adcee-89f4-4655-bb22-e43571418a66 | GET /today | date=N/A | status=304 | 1ms
[REQ] 99ea328f-8a27-49be-b3ea-a19ca77fbf5d | GET /today | date=N/A | status=304 | 1ms
[S3] EXISTS | Key: exchange=binance/stream=bbo/symbol=btcusdt/date=20251230/data.parquet
[S3] MISSING | Key: features/featureset=v1/exchange=binance/stream=bbo/symbol=btcusdt/date=20251230/data.parquet
[REQ] c837a2cc-6fb3-4f06-900a-e525a15bdeb3 | GET /status | date=20251230 | status=200 | 41ms
[REQ] 42c40c52-22e6-4b26-9c2f-db020f3ed61b | GET /funnel | date=20251230 | status=404 | 2ms
[REQ] 97995a73-e299-47dc-acf4-9675f67e8ed3 | GET /reasons | date=20251230 | status=304 | 2ms
[REQ] 6625f46c-cf76-4869-b9d6-01b1efc04463 | GET / | date=20251230 | status=304 | 1ms
[REQ] b93c5f5b-cb6e-4895-87a0-40d82f532c12 | GET / | date=N/A | status=304 | 4ms
[REQ] c3abd295-b57e-4722-9903-7cd0a6b92e03 | GET /today | date=N/A | status=304 | 1ms
[REQ] b69920fd-f047-4d4e-8542-1080f5a3710c | GET /today | date=N/A | status=304 | 1ms
[S3] MISSING | Key: features/featureset=v1/exchange=binance/stream=bbo/symbol=btcusdt/date=20251230/data.parquet
[S3] EXISTS | Key: exchange=binance/stream=bbo/symbol=btcusdt/date=20251230/data.parquet
[REQ] ef8c4e9e-34a3-4d58-95f7-3dfc2d7e94a4 | GET /status | date=20251230 | status=304 | 34ms
[REQ] 930dddf5-c2a6-4fee-981c-1ad4ecbd61eb | GET /funnel | date=20251230 | status=404 | 2ms
[REQ] ae03c34a-925a-4d7b-9c23-37e3a5a9d267 | GET /reasons | date=20251230 | status=304 | 1ms
[REQ] df0ef436-b554-4b9d-908f-b148f2d121c3 | GET / | date=20251230 | status=304 | 2ms
[REQ] 9b0709d6-eb6b-4ae2-9e65-53f59d3e88c0 | GET / | date=N/A | status=304 | 5ms
[REQ] cd789fcd-c55e-4727-857b-edb0a57882c4 | GET /today | date=N/A | status=304 | 1ms
[REQ] 63a23c5c-f8d4-4a5d-bc87-63e300b3e728 | GET /today | date=N/A | status=304 | 1ms
[S3] EXISTS | Key: exchange=binance/stream=bbo/symbol=btcusdt/date=20251230/data.parquet
[S3] MISSING | Key: features/featureset=v1/exchange=binance/stream=bbo/symbol=btcusdt/date=20251230/data.parquet
[REQ] 2f2f9448-7b94-4ccb-b76c-62c2944387dc | GET /status | date=20251230 | status=304 | 54ms
[REQ] 1655bbac-3039-4bd3-885a-6821028f3825 | GET /funnel | date=20251230 | status=404 | 2ms
[REQ] f0f472b9-9c51-4522-9095-00d45a513596 | GET /reasons | date=20251230 | status=304 | 2ms
[REQ] 4a5c05bb-cb1f-42dd-9296-cd309ce75acd | GET / | date=20251230 | status=304 | 1ms
[REQ] d395832a-3775-454f-8334-8a48918b5c06 | GET / | date=N/A | status=304 | 3ms
[REQ] 9a6ce186-1928-4de8-b90a-742653913479 | GET /today | date=N/A | status=304 | 1ms
[REQ] f8700168-5e57-403d-85f7-f793d0275735 | GET /today | date=N/A | status=304 | 1ms
[S3] MISSING | Key: features/featureset=v1/exchange=binance/stream=bbo/symbol=btcusdt/date=20251230/data.parquet
[S3] EXISTS | Key: exchange=binance/stream=bbo/symbol=btcusdt/date=20251230/data.parquet
[REQ] 669fcd9a-3b68-46ab-bd09-376b4002eca9 | GET /status | date=20251230 | status=304 | 74ms
[REQ] 39df2903-8b68-40b2-94cb-c916928cf6c5 | GET /funnel | date=20251230 | status=404 | 1ms
[REQ] a3a061e0-aed4-49e2-b226-7096581bb99c | GET /reasons | date=20251230 | status=304 | 1ms
[REQ] 023ca6ec-86cd-44ec-851e-d092332f5e60 | GET / | date=20251230 | status=304 | 1ms
[REQ] 2db02598-7cfd-4d7f-ac53-ff7451e02a85 | GET / | date=N/A | status=304 | 3ms
[REQ] c499e960-82ae-4b06-a143-7023293d4c88 | GET /today | date=N/A | status=304 | 1ms
[REQ] e5cb9dbc-6e19-42ba-8b4a-7b4a7e2cbe42 | GET /today | date=N/A | status=304 | 1ms
[S3] EXISTS | Key: exchange=binance/stream=bbo/symbol=btcusdt/date=20251230/data.parquet
[S3] MISSING | Key: features/featureset=v1/exchange=binance/stream=bbo/symbol=btcusdt/date=20251230/data.parquet
[REQ] 1420f537-e09d-4dd9-bfe9-d653ba91ff82 | GET /status | date=20251230 | status=304 | 116ms
[REQ] 4cf2f375-85ae-4309-8642-2219cf053563 | GET /funnel | date=20251230 | status=404 | 2ms
[REQ] e4b3b74a-6dcb-4a35-9396-037f2785cac4 | GET /reasons | date=20251230 | status=304 | 2ms
[REQ] 74efab09-b572-4f1c-86a5-22aa254e5579 | GET / | date=20251230 | status=304 | 1ms
[REQ] 68c8cc55-79a1-4d5b-b44b-4e91d2d8775d | GET / | date=N/A | status=304 | 3ms
[REQ] 35d9e8bb-4fc2-4ebd-a4b4-2b79e47b3706 | GET /today | date=N/A | status=304 | 1ms
[REQ] 48ffbf96-a40b-4f16-98d4-3a926616f35e | GET /today | date=N/A | status=304 | 1ms
[S3] MISSING | Key: features/featureset=v1/exchange=binance/stream=bbo/symbol=btcusdt/date=20251230/data.parquet
[S3] EXISTS | Key: exchange=binance/stream=bbo/symbol=btcusdt/date=20251230/data.parquet
[REQ] 87949dba-f468-4387-ad81-28297954538f | GET /status | date=20251230 | status=304 | 48ms
[REQ] f4d2c146-6bef-4736-aae1-8a5bc4052553 | GET /funnel | date=20251230 | status=404 | 3ms
[REQ] 881eb502-9e8b-4b15-88eb-16535dea785d | GET /reasons | date=20251230 | status=304 | 1ms
[REQ] fbc67083-3138-4066-9dd2-92471af51883 | GET / | date=20251230 | status=304 | 1ms
[REQ] 83d1001d-471a-4f3e-8c22-6e24f7783758 | GET / | date=N/A | status=304 | 2ms
[REQ] 3e77f4b9-707e-4ed3-ab1b-7906d4802f6b | GET /today | date=N/A | status=304 | 1ms
[REQ] edda4897-0adf-4130-8f04-eb9edfcc9118 | GET /today | date=N/A | status=304 | 1ms
[S3] MISSING | Key: features/featureset=v1/exchange=binance/stream=bbo/symbol=btcusdt/date=20251230/data.parquet
[S3] EXISTS | Key: exchange=binance/stream=bbo/symbol=btcusdt/date=20251230/data.parquet
[REQ] f48466c0-9992-40f5-8a23-1c9f4e78118c | GET /status | date=20251230 | status=304 | 62ms
[REQ] 37c7ec6a-3f75-4d5b-841b-1db70fe3a940 | GET /funnel | date=20251230 | status=404 | 1ms
[REQ] 5a8f5ce2-d5ea-4ab8-bce3-696732228302 | GET /reasons | date=20251230 | status=304 | 2ms
[REQ] 45651cfa-9f66-4aec-b14e-33bd98e23e83 | GET / | date=20251230 | status=304 | 1ms
[REQ] 18664753-d601-4600-ab01-73218aadb77f | GET / | date=N/A | status=304 | 3ms
[REQ] aa62fad0-6d54-49a8-8ccc-d25bdfc88f7e | GET /today | date=N/A | status=304 | 1ms
[REQ] 17c73aee-ef00-4ad6-b0a5-6fed683e60a4 | GET /today | date=N/A | status=304 | 1ms
[S3] EXISTS | Key: exchange=binance/stream=bbo/symbol=btcusdt/date=20251230/data.parquet
[S3] MISSING | Key: features/featureset=v1/exchange=binance/stream=bbo/symbol=btcusdt/date=20251230/data.parquet
[REQ] 3eefd2d1-0aee-4512-8ef6-f05ed81fa8b7 | GET /status | date=20251230 | status=304 | 42ms
[REQ] d87e0866-68e8-4b1f-a2f1-0293b4f77d6c | GET /funnel | date=20251230 | status=404 | 2ms
[REQ] f38bb83c-0958-4c55-a544-6577ed51a7c3 | GET /reasons | date=20251230 | status=304 | 2ms
[REQ] 8c3885ed-7bd0-4cd3-8509-37e5c5a8dece | GET / | date=20251230 | status=304 | 2ms
[REQ] 6d00ee6c-6b7d-4cb6-97e3-fa09a574e158 | GET / | date=N/A | status=304 | 4ms
[S3] MISSING | Key: features/featureset=v1/exchange=binance/stream=bbo/symbol=btcusdt/date=20251231/data.parquet
[S3] EXISTS | Key: exchange=binance/stream=bbo/symbol=btcusdt/date=20251231/data.parquet
[REQ] 7e3cc156-4e46-4711-977e-281df6a708e4 | GET /status | date=N/A | status=200 | 55ms
[S3] EXISTS | Key: exchange=binance/stream=bbo/symbol=btcusdt/date=20251231/data.parquet
[S3] MISSING | Key: features/featureset=v1/exchange=binance/stream=bbo/symbol=btcusdt/date=20251231/data.parquet
[REQ] 66dddbd3-a424-4fe3-931a-e59baae70b26 | GET /status | date=N/A | status=304 | 56ms
[REQ] 860a415b-f61a-42d1-a2a8-8601c6f3ac0c | GET /funnel | date=20251231 | status=404 | 3ms
[REQ] e16b38c0-7c24-4f0c-b2ee-305764c92486 | GET /reasons | date=20251231 | status=200 | 3ms
[REQ] 43d29a98-49cc-424a-833d-add682de33bf | GET / | date=20251231 | status=200 | 3ms
[REQ] 5f1996ee-fd61-40ba-bdf6-d0bc4603de22 | GET /today | date=N/A | status=304 | 1ms
[REQ] 40a05eec-efd5-46a3-a332-df8ba0672814 | GET / | date=N/A | status=304 | 2ms
[S3] MISSING | Key: exchange=binance/stream=bbo/symbol=btcusdt/date=20251224/data.parquet
[S3] MISSING | Key: features/featureset=v1/exchange=binance/stream=bbo/symbol=btcusdt/date=20251224/data.parquet
[REQ] 432a5ce2-cdfa-4517-b1bc-d4652c57e740 | GET /status | date=20251224 | status=200 | 21ms
[S3] MISSING | Key: exchange=binance/stream=bbo/symbol=btcusdt/date=20251225/data.parquet
[S3] MISSING | Key: features/featureset=v1/exchange=binance/stream=bbo/symbol=btcusdt/date=20251226/data.parquet
[S3] MISSING | Key: exchange=binance/stream=bbo/symbol=btcusdt/date=20251227/data.parquet
[S3] EXISTS | Key: exchange=binance/stream=bbo/symbol=btcusdt/date=20251228/data.parquet
[S3] MISSING | Key: features/featureset=v1/exchange=binance/stream=bbo/symbol=btcusdt/date=20251225/data.parquet
[REQ] a4240509-79c5-4a36-b4e0-5291e44ae54c | GET /status | date=20251225 | status=200 | 69ms
[S3] MISSING | Key: features/featureset=v1/exchange=binance/stream=bbo/symbol=btcusdt/date=20251227/data.parquet
[REQ] 6b185719-81cb-4b4a-bb84-6d6b08509042 | GET /status | date=20251227 | status=200 | 69ms
[S3] EXISTS | Key: features/featureset=v1/exchange=binance/stream=bbo/symbol=btcusdt/date=20251228/data.parquet
[REQ] 1c696718-b3f3-485c-af3a-3b06843eb9a8 | GET /status | date=20251228 | status=200 | 62ms
[S3] MISSING | Key: exchange=binance/stream=bbo/symbol=btcusdt/date=20251226/data.parquet
[REQ] 62117c31-f5b0-4ff9-b4c2-6758230a1767 | GET /status | date=20251226 | status=200 | 82ms
[S3] EXISTS | Key: exchange=binance/stream=bbo/symbol=btcusdt/date=20251230/data.parquet
[S3] EXISTS | Key: exchange=binance/stream=bbo/symbol=btcusdt/date=20251229/data.parquet
[S3] EXISTS | Key: features/featureset=v1/exchange=binance/stream=bbo/symbol=btcusdt/date=20251229/data.parquet
[REQ] 8b731b2d-833f-4308-be47-dad817233410 | GET /status | date=20251229 | status=200 | 67ms
[S3] MISSING | Key: features/featureset=v1/exchange=binance/stream=bbo/symbol=btcusdt/date=20251230/data.parquet
[REQ] 7ee72e31-3e7b-4da9-a6ba-d1a433883c82 | GET /status | date=20251230 | status=304 | 29ms
[REQ] ed38f735-74c8-4675-a35b-c0b74cc2b7af | GET /funnel | date=20251231 | status=404 | 2ms
[REQ] e5bf6058-3df3-457e-b3c7-2aababf59d85 | GET /reasons | date=20251231 | status=304 | 2ms
[REQ] 06d5460f-5738-4d64-bf7d-dfef1a166651 | GET / | date=20251231 | status=304 | 1ms
[REQ] 67e5384a-3669-40b0-8b9c-f24841870448 | GET /today | date=N/A | status=304 | 1ms
[REQ] 3a856755-e7d1-4641-9ca7-dd1c13fec18d | GET / | date=N/A | status=304 | 2ms
[S3] MISSING | Key: exchange=binance/stream=bbo/symbol=btcusdt/date=20251224/data.parquet
[S3] MISSING | Key: features/featureset=v1/exchange=binance/stream=bbo/symbol=btcusdt/date=20251224/data.parquet
[REQ] e2347289-c663-40ce-88e1-15b3e84d8a83 | GET /status | date=20251224 | status=304 | 32ms
[S3] MISSING | Key: features/featureset=v1/exchange=binance/stream=bbo/symbol=btcusdt/date=20251225/data.parquet
[S3] MISSING | Key: exchange=binance/stream=bbo/symbol=btcusdt/date=20251225/data.parquet
[REQ] 2cc310a2-a7f3-40ab-97c0-ac93106fd213 | GET /status | date=20251225 | status=304 | 37ms
[S3] MISSING | Key: exchange=binance/stream=bbo/symbol=btcusdt/date=20251227/data.parquet
[S3] MISSING | Key: features/featureset=v1/exchange=binance/stream=bbo/symbol=btcusdt/date=20251227/data.parquet
[REQ] b51d089d-521f-46b8-8975-14c96e1049db | GET /status | date=20251227 | status=304 | 17ms
[S3] MISSING | Key: features/featureset=v1/exchange=binance/stream=bbo/symbol=btcusdt/date=20251226/data.parquet
[S3] MISSING | Key: exchange=binance/stream=bbo/symbol=btcusdt/date=20251226/data.parquet
[REQ] 801edeb9-25f2-4650-8892-d27a455015ad | GET /status | date=20251226 | status=304 | 13ms
[S3] EXISTS | Key: exchange=binance/stream=bbo/symbol=btcusdt/date=20251228/data.parquet
[S3] EXISTS | Key: features/featureset=v1/exchange=binance/stream=bbo/symbol=btcusdt/date=20251229/data.parquet
[S3] EXISTS | Key: features/featureset=v1/exchange=binance/stream=bbo/symbol=btcusdt/date=20251228/data.parquet
[REQ] 31bb8313-068e-4bb9-b335-14a3d06c53b0 | GET /status | date=20251228 | status=304 | 23ms
[S3] EXISTS | Key: exchange=binance/stream=bbo/symbol=btcusdt/date=20251229/data.parquet
[REQ] 2da4fce5-b1c1-4b5d-a01c-6aaaf95af857 | GET /status | date=20251229 | status=304 | 19ms
[S3] EXISTS | Key: exchange=binance/stream=bbo/symbol=btcusdt/date=20251230/data.parquet
[S3] MISSING | Key: features/featureset=v1/exchange=binance/stream=bbo/symbol=btcusdt/date=20251230/data.parquet
[REQ] 71da5d18-32fe-47fe-9a48-20344161e929 | GET /status | date=20251230 | status=304 | 22ms
[S3] EXISTS | Key: exchange=binance/stream=bbo/symbol=btcusdt/date=20251230/data.parquet
[S3] MISSING | Key: features/featureset=v1/exchange=binance/stream=bbo/symbol=btcusdt/date=20251230/data.parquet
[REQ] 0be2d335-da16-49f0-8ec1-c925c5ac9896 | GET /status | date=20251230 | status=304 | 35ms
[REQ] 5767e4c8-b3d3-4acc-aa7e-b840b10a9467 | GET /funnel | date=20251230 | status=404 | 1ms
[REQ] 43ff7be3-bc8e-40a5-b175-aaa992d8e74d | GET /reasons | date=20251230 | status=304 | 2ms
[REQ] 666b83f4-de16-4860-924c-e1b80cef7f1b | GET / | date=N/A | status=304 | 4ms
[REQ] a2a695bc-0df0-4ff9-8057-19eb01678430 | GET /today | date=N/A | status=304 | 1ms
[REQ] 4d481b56-e5dc-463e-84b5-7a6581afba7e | GET / | date=20251230 | status=304 | 6ms
[S3] MISSING | Key: exchange=binance/stream=bbo/symbol=btcusdt/date=20251223/data.parquet
[S3] MISSING | Key: features/featureset=v1/exchange=binance/stream=bbo/symbol=btcusdt/date=20251223/data.parquet
[REQ] 0d388aed-64af-4cb6-9fe1-49ea87042cc1 | GET /status | date=20251223 | status=200 | 15ms
[S3] MISSING | Key: exchange=binance/stream=bbo/symbol=btcusdt/date=20251224/data.parquet
[S3] MISSING | Key: features/featureset=v1/exchange=binance/stream=bbo/symbol=btcusdt/date=20251224/data.parquet
[REQ] 128a0db7-0f6b-4fa1-9062-b674567a9d88 | GET /status | date=20251224 | status=304 | 27ms
[S3] MISSING | Key: exchange=binance/stream=bbo/symbol=btcusdt/date=20251226/data.parquet
[S3] MISSING | Key: exchange=binance/stream=bbo/symbol=btcusdt/date=20251225/data.parquet
[S3] MISSING | Key: features/featureset=v1/exchange=binance/stream=bbo/symbol=btcusdt/date=20251226/data.parquet
[REQ] 8a34fbe8-aa5d-4e7e-91ea-9fb2d7165670 | GET /status | date=20251226 | status=304 | 12ms
[S3] MISSING | Key: features/featureset=v1/exchange=binance/stream=bbo/symbol=btcusdt/date=20251225/data.parquet
[REQ] fb756857-ae12-40b2-9344-c87033778b29 | GET /status | date=20251225 | status=304 | 18ms
[S3] MISSING | Key: features/featureset=v1/exchange=binance/stream=bbo/symbol=btcusdt/date=20251227/data.parquet
[S3] EXISTS | Key: exchange=binance/stream=bbo/symbol=btcusdt/date=20251228/data.parquet
[S3] MISSING | Key: exchange=binance/stream=bbo/symbol=btcusdt/date=20251227/data.parquet
[REQ] 1df18875-a343-46bc-b6db-d4ae3736a4dd | GET /status | date=20251227 | status=304 | 16ms
[S3] EXISTS | Key: features/featureset=v1/exchange=binance/stream=bbo/symbol=btcusdt/date=20251228/data.parquet
[REQ] 81ced374-2937-4901-b121-da58ecffd405 | GET /status | date=20251228 | status=304 | 24ms
[S3] EXISTS | Key: features/featureset=v1/exchange=binance/stream=bbo/symbol=btcusdt/date=20251229/data.parquet
[S3] EXISTS | Key: exchange=binance/stream=bbo/symbol=btcusdt/date=20251229/data.parquet
[REQ] e429dee5-eb03-4d66-9408-ed678669e583 | GET /status | date=20251229 | status=304 | 24ms
[S3] EXISTS | Key: exchange=binance/stream=bbo/symbol=btcusdt/date=20251228/data.parquet
[S3] EXISTS | Key: features/featureset=v1/exchange=binance/stream=bbo/symbol=btcusdt/date=20251228/data.parquet
[REQ] be96f14f-995e-423b-8920-849a01db8285 | GET /status | date=20251228 | status=304 | 70ms
[REQ] d7b59da9-6df4-40f8-99a3-9544e59f3bcb | GET /funnel | date=20251228 | status=404 | 2ms
[REQ] 91edd0ba-8dbf-44db-8a1a-e52469fbc3e1 | GET /reasons | date=20251228 | status=200 | 3ms
[REQ] fceef1a1-2cb0-4a23-af87-6eb3a0b7373d | GET / | date=20251228 | status=200 | 3ms
[REQ] d933fd79-6f5a-43e3-a3a6-8ab26e09dbc2 | GET / | date=N/A | status=304 | 4ms
[REQ] c2843dfe-2f02-4485-a558-378d2dc04bf2 | GET /today | date=N/A | status=304 | 1ms
[S3] MISSING | Key: exchange=binance/stream=bbo/symbol=btcusdt/date=20251221/data.parquet
[S3] MISSING | Key: features/featureset=v1/exchange=binance/stream=bbo/symbol=btcusdt/date=20251222/data.parquet
[S3] MISSING | Key: exchange=binance/stream=bbo/symbol=btcusdt/date=20251222/data.parquet
[REQ] 74bd687c-2675-4ada-b80f-848b996bd760 | GET /status | date=20251222 | status=200 | 54ms
[S3] MISSING | Key: features/featureset=v1/exchange=binance/stream=bbo/symbol=btcusdt/date=20251221/data.parquet
[REQ] 6e590a96-0a2f-47ee-b199-7c8433cf9ed5 | GET /status | date=20251221 | status=200 | 72ms
[S3] MISSING | Key: exchange=binance/stream=bbo/symbol=btcusdt/date=20251225/data.parquet
[S3] MISSING | Key: features/featureset=v1/exchange=binance/stream=bbo/symbol=btcusdt/date=20251225/data.parquet
[REQ] fc76e171-e1a2-4d02-92ae-e7e1ecb3d645 | GET /status | date=20251225 | status=304 | 23ms
[S3] MISSING | Key: exchange=binance/stream=bbo/symbol=btcusdt/date=20251223/data.parquet
[S3] MISSING | Key: features/featureset=v1/exchange=binance/stream=bbo/symbol=btcusdt/date=20251223/data.parquet
[REQ] 7074b549-2b36-469e-874d-598557e73871 | GET /status | date=20251223 | status=304 | 36ms
[S3] MISSING | Key: exchange=binance/stream=bbo/symbol=btcusdt/date=20251224/data.parquet
[S3] MISSING | Key: features/featureset=v1/exchange=binance/stream=bbo/symbol=btcusdt/date=20251224/data.parquet
[REQ] ead6cf51-61a9-4884-9b6d-a14b3471d562 | GET /status | date=20251224 | status=304 | 33ms
[S3] MISSING | Key: features/featureset=v1/exchange=binance/stream=bbo/symbol=btcusdt/date=20251226/data.parquet
[S3] MISSING | Key: exchange=binance/stream=bbo/symbol=btcusdt/date=20251226/data.parquet
[REQ] ca9442cc-dda8-4221-8766-dced3df0c6a3 | GET /status | date=20251226 | status=304 | 26ms
[S3] MISSING | Key: features/featureset=v1/exchange=binance/stream=bbo/symbol=btcusdt/date=20251227/data.parquet
[S3] MISSING | Key: exchange=binance/stream=bbo/symbol=btcusdt/date=20251227/data.parquet
[REQ] 8b700180-72cd-4618-bc77-a00f4e4cfb2b | GET /status | date=20251227 | status=304 | 14ms
[S3] MISSING | Key: features/featureset=v1/exchange=binance/stream=bbo/symbol=btcusdt/date=20251227/data.parquet
[S3] MISSING | Key: exchange=binance/stream=bbo/symbol=btcusdt/date=20251227/data.parquet
[REQ] 91cb1734-f7cc-4599-8c82-a84c7ebf0fb0 | GET /status | date=20251227 | status=304 | 19ms
[REQ] ced024ab-f077-4b10-a389-664d8761e529 | GET / | date=20251227 | status=200 | 2ms
[S3] MISSING | Key: features/featureset=v1/exchange=binance/stream=bbo/symbol=btcusdt/date=20251220/data.parquet
[REQ] 91f5c1dc-c5da-4e10-94b6-1a95ddb27d9a | GET /today | date=N/A | status=304 | 1ms
[REQ] 87b040ee-8e3c-4654-81c6-b0198170ca25 | GET / | date=N/A | status=304 | 7ms
[REQ] 3a8e91e5-0f2d-45ae-acf3-aec8dbdc2d03 | GET /reasons | date=20251227 | status=200 | 6ms
[REQ] 60048043-dd98-406c-b36d-f7e1d6db6b04 | GET /funnel | date=20251227 | status=404 | 4ms
[S3] MISSING | Key: exchange=binance/stream=bbo/symbol=btcusdt/date=20251220/data.parquet
[REQ] ab4bb154-3fda-43e5-9c2d-38473f340b4b | GET /status | date=20251220 | status=200 | 16ms
[S3] MISSING | Key: exchange=binance/stream=bbo/symbol=btcusdt/date=20251226/data.parquet
[S3] MISSING | Key: features/featureset=v1/exchange=binance/stream=bbo/symbol=btcusdt/date=20251226/data.parquet
[REQ] 525d2663-70f1-4595-a02f-9745d2cbf164 | GET /status | date=20251226 | status=304 | 35ms
[S3] MISSING | Key: features/featureset=v1/exchange=binance/stream=bbo/symbol=btcusdt/date=20251222/data.parquet
[S3] MISSING | Key: exchange=binance/stream=bbo/symbol=btcusdt/date=20251223/data.parquet
[S3] MISSING | Key: features/featureset=v1/exchange=binance/stream=bbo/symbol=btcusdt/date=20251223/data.parquet
[REQ] 3a88c166-22a4-497f-92bc-dc380464331a | GET /status | date=20251223 | status=304 | 30ms
[S3] MISSING | Key: exchange=binance/stream=bbo/symbol=btcusdt/date=20251224/data.parquet
[S3] MISSING | Key: exchange=binance/stream=bbo/symbol=btcusdt/date=20251222/data.parquet
[REQ] 3a20270d-d5ec-4f5e-be18-c1b932cde0ce | GET /status | date=20251222 | status=304 | 36ms
[S3] MISSING | Key: features/featureset=v1/exchange=binance/stream=bbo/symbol=btcusdt/date=20251224/data.parquet
[REQ] f26e52b9-c962-46ee-b6ec-fceaef20f746 | GET /status | date=20251224 | status=304 | 46ms
[S3] MISSING | Key: exchange=binance/stream=bbo/symbol=btcusdt/date=20251225/data.parquet
[S3] MISSING | Key: features/featureset=v1/exchange=binance/stream=bbo/symbol=btcusdt/date=20251221/data.parquet
[S3] MISSING | Key: features/featureset=v1/exchange=binance/stream=bbo/symbol=btcusdt/date=20251225/data.parquet
[REQ] 7b390895-ecf8-4f81-be58-94aa92ed1ea1 | GET /status | date=20251225 | status=304 | 50ms
[S3] MISSING | Key: exchange=binance/stream=bbo/symbol=btcusdt/date=20251221/data.parquet
[REQ] b415c39f-879f-49a5-94d5-ee493a21b98d | GET /status | date=20251221 | status=304 | 63ms
[S3] MISSING | Key: features/featureset=v1/exchange=binance/stream=bbo/symbol=btcusdt/date=20251226/data.parquet
[S3] MISSING | Key: exchange=binance/stream=bbo/symbol=btcusdt/date=20251226/data.parquet
[REQ] 3d0f23fa-cae1-458c-8cde-5e4c1c7e63d9 | GET /status | date=20251226 | status=304 | 16ms
[REQ] a9d2c1c6-efb8-429e-9ae5-0be0a10f4b5e | GET /today | date=N/A | status=304 | 1ms
[REQ] 6e062abd-356e-4680-a387-cbfedc26dae5 | GET / | date=20251226 | status=200 | 3ms
[REQ] 9329848c-6fe9-4313-bfad-79b55e7b6dcd | GET /funnel | date=20251226 | status=404 | 3ms
[REQ] 205d93a5-46c6-491c-9eca-7fe7047fffca | GET /reasons | date=20251226 | status=200 | 3ms
[REQ] a314ccaf-1ffc-4f29-bd40-121c0c5f1f6d | GET / | date=N/A | status=304 | 7ms
[S3] MISSING | Key: features/featureset=v1/exchange=binance/stream=bbo/symbol=btcusdt/date=20251219/data.parquet
[S3] MISSING | Key: exchange=binance/stream=bbo/symbol=btcusdt/date=20251219/data.parquet
[REQ] 12a07e2a-fe1b-4e3a-a856-2919e14634cf | GET /status | date=20251219 | status=200 | 25ms
[S3] MISSING | Key: features/featureset=v1/exchange=binance/stream=bbo/symbol=btcusdt/date=20251220/data.parquet
[S3] MISSING | Key: exchange=binance/stream=bbo/symbol=btcusdt/date=20251220/data.parquet
[REQ] 782eced8-d480-4576-953e-284d0ba0ab65 | GET /status | date=20251220 | status=304 | 18ms
[S3] MISSING | Key: exchange=binance/stream=bbo/symbol=btcusdt/date=20251221/data.parquet
[S3] MISSING | Key: features/featureset=v1/exchange=binance/stream=bbo/symbol=btcusdt/date=20251221/data.parquet
[REQ] 5e82c161-68ec-470c-804f-b9f7475b51d9 | GET /status | date=20251221 | status=304 | 23ms
[S3] MISSING | Key: features/featureset=v1/exchange=binance/stream=bbo/symbol=btcusdt/date=20251223/data.parquet
[S3] MISSING | Key: exchange=binance/stream=bbo/symbol=btcusdt/date=20251224/data.parquet
[S3] MISSING | Key: features/featureset=v1/exchange=binance/stream=bbo/symbol=btcusdt/date=20251222/data.parquet
[S3] MISSING | Key: features/featureset=v1/exchange=binance/stream=bbo/symbol=btcusdt/date=20251224/data.parquet
[REQ] 9c28886f-0bbb-442c-8332-53ddb453ce70 | GET /status | date=20251224 | status=304 | 14ms
[S3] MISSING | Key: exchange=binance/stream=bbo/symbol=btcusdt/date=20251222/data.parquet
[REQ] c3c7d3df-ff9e-4e12-a5d4-e60f63fd9058 | GET /status | date=20251222 | status=304 | 21ms
[S3] MISSING | Key: exchange=binance/stream=bbo/symbol=btcusdt/date=20251225/data.parquet
[S3] MISSING | Key: features/featureset=v1/exchange=binance/stream=bbo/symbol=btcusdt/date=20251225/data.parquet
[REQ] 68b81e6e-e701-4b50-a163-f14e82b07fc7 | GET /status | date=20251225 | status=304 | 16ms
[S3] MISSING | Key: exchange=binance/stream=bbo/symbol=btcusdt/date=20251223/data.parquet
[REQ] 8ae62515-51f6-4a93-8a2f-3eef80cd1c44 | GET /status | date=20251223 | status=304 | 234ms
[S3] MISSING | Key: features/featureset=v1/exchange=binance/stream=bbo/symbol=btcusdt/date=20251231/data.parquet
[S3] EXISTS | Key: exchange=binance/stream=bbo/symbol=btcusdt/date=20251231/data.parquet
[REQ] 9e38d69c-2cfc-4652-9e9e-8bcbe532af0c | GET /status | date=20251231 | status=200 | 15ms
[REQ] 0353f406-72fb-4293-9398-a1cfb8627f87 | GET /funnel | date=20251231 | status=404 | 2ms
[REQ] 533c571e-c4e8-4923-b015-44799fcf0aee | GET /reasons | date=20251231 | status=304 | 2ms
[REQ] 8721128f-c3c7-4abb-9043-24a429329a82 | GET / | date=20251231 | status=304 | 2ms
[REQ] 8f5cac33-0e96-42af-a895-56160f7275f5 | GET /today | date=N/A | status=304 | 0ms
[REQ] bfe7f02c-c33e-4c1e-92c6-2e9f9b7f093b | GET / | date=N/A | status=304 | 12ms
[S3] MISSING | Key: exchange=binance/stream=bbo/symbol=btcusdt/date=20251224/data.parquet
[S3] MISSING | Key: features/featureset=v1/exchange=binance/stream=bbo/symbol=btcusdt/date=20251224/data.parquet
[REQ] d32371fc-9236-46dd-bb0d-dab9e66286da | GET /status | date=20251224 | status=304 | 22ms
[S3] MISSING | Key: exchange=binance/stream=bbo/symbol=btcusdt/date=20251225/data.parquet
[S3] MISSING | Key: features/featureset=v1/exchange=binance/stream=bbo/symbol=btcusdt/date=20251225/data.parquet
[REQ] ecb5e8f4-1155-4d1b-b287-19f6954bb22e | GET /status | date=20251225 | status=304 | 35ms
[S3] MISSING | Key: features/featureset=v1/exchange=binance/stream=bbo/symbol=btcusdt/date=20251226/data.parquet
[S3] MISSING | Key: exchange=binance/stream=bbo/symbol=btcusdt/date=20251226/data.parquet
[REQ] 101fd478-0153-46d0-8529-12113bf2bc92 | GET /status | date=20251226 | status=304 | 26ms
[S3] EXISTS | Key: exchange=binance/stream=bbo/symbol=btcusdt/date=20251228/data.parquet
[S3] EXISTS | Key: features/featureset=v1/exchange=binance/stream=bbo/symbol=btcusdt/date=20251228/data.parquet
[REQ] e752bee4-ffc1-472f-a6c5-ff6c9aab7bfc | GET /status | date=20251228 | status=304 | 24ms
[S3] MISSING | Key: exchange=binance/stream=bbo/symbol=btcusdt/date=20251227/data.parquet
[S3] MISSING | Key: features/featureset=v1/exchange=binance/stream=bbo/symbol=btcusdt/date=20251227/data.parquet
[REQ] 108f1c23-1498-4a99-b62f-873aa5f9e4ed | GET /status | date=20251227 | status=304 | 23ms
[S3] MISSING | Key: features/featureset=v1/exchange=binance/stream=bbo/symbol=btcusdt/date=20251230/data.parquet
[S3] EXISTS | Key: exchange=binance/stream=bbo/symbol=btcusdt/date=20251230/data.parquet
[REQ] 4b10eb3b-688a-4fe5-b66b-929c3ff745f9 | GET /status | date=20251230 | status=304 | 23ms
[S3] EXISTS | Key: features/featureset=v1/exchange=binance/stream=bbo/symbol=btcusdt/date=20251229/data.parquet
[S3] EXISTS | Key: exchange=binance/stream=bbo/symbol=btcusdt/date=20251229/data.parquet
[REQ] aacfcee4-80ba-4819-87d7-7b25bb632dd5 | GET /status | date=20251229 | status=304 | 27ms
[S3] MISSING | Key: exchange=binance/stream=bbo/symbol=btcusdt/date=20260101/data.parquet
[S3] MISSING | Key: features/featureset=v1/exchange=binance/stream=bbo/symbol=btcusdt/date=20260101/data.parquet
[REQ] 8c376f3e-2329-41d8-9a0d-a7a177d19871 | GET /status | date=20260101 | status=200 | 25ms
[REQ] 20bb1be5-f867-4f2c-b53b-206294b83e83 | GET /funnel | date=20260101 | status=404 | 2ms
[REQ] 63579f8e-1f9b-4a1c-84a3-e30522bf6a3d | GET /reasons | date=20260101 | status=200 | 1ms
[REQ] fde10584-28b3-4a77-875a-3d06af21f2f6 | GET /today | date=N/A | status=304 | 1ms
[REQ] 1804d80e-5f04-4e60-a7c7-41efa87290fc | GET / | date=20260101 | status=200 | 7ms
[REQ] c68a0d38-8afa-4f6a-a722-cb33fd6f15f4 | GET / | date=N/A | status=304 | 4ms
[S3] MISSING | Key: exchange=binance/stream=bbo/symbol=btcusdt/date=20251225/data.parquet
[S3] MISSING | Key: features/featureset=v1/exchange=binance/stream=bbo/symbol=btcusdt/date=20251225/data.parquet
[REQ] 52cb45d9-25a2-4d26-8645-96db764ccedc | GET /status | date=20251225 | status=304 | 16ms
[S3] MISSING | Key: features/featureset=v1/exchange=binance/stream=bbo/symbol=btcusdt/date=20251226/data.parquet
[S3] MISSING | Key: exchange=binance/stream=bbo/symbol=btcusdt/date=20251226/data.parquet
[REQ] ffe1e183-2bc3-44ce-8c03-947c51269b42 | GET /status | date=20251226 | status=304 | 19ms
[S3] MISSING | Key: features/featureset=v1/exchange=binance/stream=bbo/symbol=btcusdt/date=20251227/data.parquet
[S3] MISSING | Key: exchange=binance/stream=bbo/symbol=btcusdt/date=20251227/data.parquet
[REQ] 94be83e9-f4cb-4cca-aeef-dabe56b25a3b | GET /status | date=20251227 | status=304 | 37ms
[S3] EXISTS | Key: exchange=binance/stream=bbo/symbol=btcusdt/date=20251228/data.parquet
[S3] EXISTS | Key: features/featureset=v1/exchange=binance/stream=bbo/symbol=btcusdt/date=20251228/data.parquet
[REQ] f789ce8d-2e6e-4d1a-931e-937d14349042 | GET /status | date=20251228 | status=304 | 55ms
[S3] EXISTS | Key: exchange=binance/stream=bbo/symbol=btcusdt/date=20251230/data.parquet
[S3] MISSING | Key: features/featureset=v1/exchange=binance/stream=bbo/symbol=btcusdt/date=20251230/data.parquet
[REQ] 97ba04bc-7c53-443b-8819-38e85bb82608 | GET /status | date=20251230 | status=304 | 51ms
[S3] EXISTS | Key: exchange=binance/stream=bbo/symbol=btcusdt/date=20251231/data.parquet
[S3] MISSING | Key: features/featureset=v1/exchange=binance/stream=bbo/symbol=btcusdt/date=20251231/data.parquet
[REQ] 4fb959a4-f8cd-4a51-b55a-d616ea46eb54 | GET /status | date=20251231 | status=304 | 50ms
[S3] EXISTS | Key: features/featureset=v1/exchange=binance/stream=bbo/symbol=btcusdt/date=20251229/data.parquet
[S3] EXISTS | Key: exchange=binance/stream=bbo/symbol=btcusdt/date=20251229/data.parquet
[REQ] 169f0d7b-f315-4bb5-baf5-db397d7f7861 | GET /status | date=20251229 | status=304 | 48ms
[S3] EXISTS | Key: exchange=binance/stream=bbo/symbol=btcusdt/date=20251231/data.parquet
[S3] MISSING | Key: features/featureset=v1/exchange=binance/stream=bbo/symbol=btcusdt/date=20251231/data.parquet
[REQ] 67bc6b4e-440a-4402-bb67-91cd023e030c | GET /status | date=20251231 | status=304 | 10ms
[REQ] ce2f5fe2-9ea8-443d-ac8d-84e6f0504102 | GET /funnel | date=20251231 | status=404 | 2ms
[REQ] 2ced9765-42c8-4fe0-b870-849814e6e383 | GET /today | date=N/A | status=304 | 1ms
[REQ] 4704e52e-2995-4a93-a012-bf36a177b68e | GET /reasons | date=20251231 | status=304 | 12ms
[REQ] 72ce4fc6-b61b-48b9-871b-378972042774 | GET / | date=N/A | status=304 | 16ms
[REQ] eee5e9ee-5c56-4666-8a1c-6b005191be70 | GET / | date=20251231 | status=304 | 2ms
[S3] MISSING | Key: exchange=binance/stream=bbo/symbol=btcusdt/date=20251226/data.parquet
[S3] MISSING | Key: exchange=binance/stream=bbo/symbol=btcusdt/date=20251225/data.parquet
[S3] MISSING | Key: features/featureset=v1/exchange=binance/stream=bbo/symbol=btcusdt/date=20251225/data.parquet
[REQ] a9a922a7-a6d4-4840-92ce-79eb3c11c905 | GET /status | date=20251225 | status=304 | 25ms
[S3] MISSING | Key: features/featureset=v1/exchange=binance/stream=bbo/symbol=btcusdt/date=20251226/data.parquet
[REQ] 04064b3b-32a7-4883-8cb2-6148699329a5 | GET /status | date=20251226 | status=304 | 22ms
[S3] MISSING | Key: features/featureset=v1/exchange=binance/stream=bbo/symbol=btcusdt/date=20251224/data.parquet
[S3] MISSING | Key: exchange=binance/stream=bbo/symbol=btcusdt/date=20251224/data.parquet
[REQ] c53e6032-9416-4e7e-9e1b-fa1eba460738 | GET /status | date=20251224 | status=304 | 15ms
[S3] MISSING | Key: exchange=binance/stream=bbo/symbol=btcusdt/date=20251227/data.parquet
[S3] EXISTS | Key: features/featureset=v1/exchange=binance/stream=bbo/symbol=btcusdt/date=20251228/data.parquet
[S3] EXISTS | Key: exchange=binance/stream=bbo/symbol=btcusdt/date=20251228/data.parquet
[REQ] b032dfbf-5c92-4478-93f6-0b664d7e900c | GET /status | date=20251228 | status=304 | 16ms
[S3] EXISTS | Key: exchange=binance/stream=bbo/symbol=btcusdt/date=20251230/data.parquet
[S3] MISSING | Key: features/featureset=v1/exchange=binance/stream=bbo/symbol=btcusdt/date=20251227/data.parquet
[REQ] 868fc63b-3291-4fb2-8627-db6a9d8d0f35 | GET /status | date=20251227 | status=304 | 21ms
[S3] MISSING | Key: features/featureset=v1/exchange=binance/stream=bbo/symbol=btcusdt/date=20251230/data.parquet
[REQ] 82610783-2e1c-4b4e-bf28-685b39611b18 | GET /status | date=20251230 | status=304 | 16ms
[S3] EXISTS | Key: exchange=binance/stream=bbo/symbol=btcusdt/date=20251229/data.parquet
[S3] EXISTS | Key: features/featureset=v1/exchange=binance/stream=bbo/symbol=btcusdt/date=20251229/data.parquet
[REQ] 4845fcf5-7060-4832-a2eb-9fe329ceb802 | GET /status | date=20251229 | status=304 | 17ms
[S3] MISSING | Key: features/featureset=v1/exchange=binance/stream=bbo/symbol=btcusdt/date=20251230/data.parquet
[S3] EXISTS | Key: exchange=binance/stream=bbo/symbol=btcusdt/date=20251230/data.parquet
[REQ] b03f6ebb-2e96-4eda-9708-ade8943eafc6 | GET /status | date=20251230 | status=304 | 30ms
[REQ] 4087fa07-9162-4da1-92d5-f83d467145c6 | GET /funnel | date=20251230 | status=404 | 1ms
[REQ] 78f482ad-4007-449b-b86f-3c0f39b4fe2d | GET /today | date=N/A | status=304 | 1ms
[REQ] 4f82a1ff-85be-4ed8-b0b6-43b7367fbfb2 | GET /reasons | date=20251230 | status=304 | 3ms
[REQ] 992eb196-ef16-4d1d-a3e8-6111ea6e79ba | GET / | date=20251230 | status=304 | 3ms
[REQ] dbe8a149-dfe2-4c9d-a352-b2313d5049b9 | GET / | date=N/A | status=304 | 6ms
[S3] MISSING | Key: exchange=binance/stream=bbo/symbol=btcusdt/date=20251224/data.parquet
[S3] MISSING | Key: features/featureset=v1/exchange=binance/stream=bbo/symbol=btcusdt/date=20251224/data.parquet
[REQ] 5f816c4c-1775-4e5c-ba33-d6cc42849d47 | GET /status | date=20251224 | status=304 | 19ms
[S3] MISSING | Key: exchange=binance/stream=bbo/symbol=btcusdt/date=20251223/data.parquet
[S3] MISSING | Key: features/featureset=v1/exchange=binance/stream=bbo/symbol=btcusdt/date=20251223/data.parquet
[REQ] 9f30edd9-eddc-4b5c-af56-b8ea3aaf7627 | GET /status | date=20251223 | status=304 | 34ms
[S3] MISSING | Key: exchange=binance/stream=bbo/symbol=btcusdt/date=20251225/data.parquet
[S3] MISSING | Key: features/featureset=v1/exchange=binance/stream=bbo/symbol=btcusdt/date=20251225/data.parquet
[REQ] 822c90d5-1005-4274-85b3-6a6a1d8dbf8c | GET /status | date=20251225 | status=304 | 15ms
[S3] MISSING | Key: features/featureset=v1/exchange=binance/stream=bbo/symbol=btcusdt/date=20251226/data.parquet
[S3] MISSING | Key: exchange=binance/stream=bbo/symbol=btcusdt/date=20251226/data.parquet
[REQ] f45f857c-1e5c-428e-8d9a-c2043f912be0 | GET /status | date=20251226 | status=304 | 20ms
[S3] EXISTS | Key: exchange=binance/stream=bbo/symbol=btcusdt/date=20251228/data.parquet
[S3] MISSING | Key: features/featureset=v1/exchange=binance/stream=bbo/symbol=btcusdt/date=20251227/data.parquet
[S3] EXISTS | Key: features/featureset=v1/exchange=binance/stream=bbo/symbol=btcusdt/date=20251228/data.parquet
[REQ] 2f5f0008-75d9-442c-b936-ffe918453f44 | GET /status | date=20251228 | status=304 | 27ms
[S3] MISSING | Key: exchange=binance/stream=bbo/symbol=btcusdt/date=20251227/data.parquet
[REQ] 360928fa-e778-472f-b691-2b5ed8527116 | GET /status | date=20251227 | status=304 | 26ms
[S3] EXISTS | Key: features/featureset=v1/exchange=binance/stream=bbo/symbol=btcusdt/date=20251229/data.parquet
[S3] EXISTS | Key: exchange=binance/stream=bbo/symbol=btcusdt/date=20251229/data.parquet
[REQ] 39c929d0-f0ec-4b89-8209-2db7f62bd4fd | GET /status | date=20251229 | status=304 | 23ms
[S3] EXISTS | Key: exchange=binance/stream=bbo/symbol=btcusdt/date=20251231/data.parquet
[S3] MISSING | Key: features/featureset=v1/exchange=binance/stream=bbo/symbol=btcusdt/date=20251231/data.parquet
[REQ] c76ad6dc-ab3f-4b8b-8647-7f9636361612 | GET /status | date=N/A | status=200 | 35ms
[REQ] 9a487aad-1208-4e5a-8607-6a283a3d823e | GET /funnel | date=20251231 | status=404 | 1ms
[REQ] f24381d2-5762-4e1f-a903-9ef2669d77fd | GET /reasons | date=20251231 | status=200 | 6ms
[REQ] 78408409-3842-4683-9fc4-1a815e2c9c61 | GET /today | date=N/A | status=304 | 1ms
[REQ] c76b2376-b9c0-4513-86a8-97131dbed085 | GET / | date=20251231 | status=200 | 11ms
[S3] MISSING | Key: exchange=binance/stream=bbo/symbol=btcusdt/date=20251225/data.parquet
[S3] MISSING | Key: features/featureset=v1/exchange=binance/stream=bbo/symbol=btcusdt/date=20251225/data.parquet
[REQ] c1565ce5-9551-44e0-aa12-1c3b17ee3174 | GET /status | date=20251225 | status=200 | 20ms
[REQ] 292311d3-4c90-4797-8fb5-4174b40a10c3 | GET / | date=N/A | status=304 | 17ms
[S3] MISSING | Key: exchange=binance/stream=bbo/symbol=btcusdt/date=20251224/data.parquet
[S3] MISSING | Key: features/featureset=v1/exchange=binance/stream=bbo/symbol=btcusdt/date=20251224/data.parquet
[REQ] 7580bc91-f3c8-4de2-8cdd-aaa0ed6ca4ba | GET /status | date=20251224 | status=200 | 31ms
[S3] MISSING | Key: features/featureset=v1/exchange=binance/stream=bbo/symbol=btcusdt/date=20251226/data.parquet
[S3] MISSING | Key: exchange=binance/stream=bbo/symbol=btcusdt/date=20251227/data.parquet
[S3] MISSING | Key: exchange=binance/stream=bbo/symbol=btcusdt/date=20251226/data.parquet
[REQ] 728cd90b-846d-433e-addb-c501eb9c0a7d | GET /status | date=20251226 | status=200 | 26ms
[S3] MISSING | Key: features/featureset=v1/exchange=binance/stream=bbo/symbol=btcusdt/date=20251227/data.parquet
[REQ] 9edf7842-f9f4-4ed0-9c72-1af8ba26c119 | GET /status | date=20251227 | status=200 | 31ms
[S3] EXISTS | Key: exchange=binance/stream=bbo/symbol=btcusdt/date=20251228/data.parquet
[S3] EXISTS | Key: exchange=binance/stream=bbo/symbol=btcusdt/date=20251230/data.parquet
[S3] MISSING | Key: features/featureset=v1/exchange=binance/stream=bbo/symbol=btcusdt/date=20251230/data.parquet
[REQ] 5ef26ca3-376c-4270-9d4e-4c14ca0ac712 | GET /status | date=20251230 | status=304 | 30ms
[S3] MISSING | Key: features/featureset=v1/exchange=binance/stream=bbo/symbol=btcusdt/date=20251225/data.parquet
[S3] EXISTS | Key: features/featureset=v1/exchange=binance/stream=bbo/symbol=btcusdt/date=20251228/data.parquet
[REQ] 24641fd2-ebef-424e-8f8e-0324e99f3251 | GET /status | date=20251228 | status=200 | 49ms
[S3] EXISTS | Key: exchange=binance/stream=bbo/symbol=btcusdt/date=20251229/data.parquet
[S3] MISSING | Key: exchange=binance/stream=bbo/symbol=btcusdt/date=20251225/data.parquet
[REQ] 1924c66c-e4b2-4ad4-89eb-9f8e1da33c59 | GET /status | date=20251225 | status=304 | 28ms
[S3] EXISTS | Key: features/featureset=v1/exchange=binance/stream=bbo/symbol=btcusdt/date=20251229/data.parquet
[REQ] a4a77475-e3a4-49a2-8c8b-b9652912ab4d | GET /status | date=20251229 | status=200 | 51ms
[S3] MISSING | Key: features/featureset=v1/exchange=binance/stream=bbo/symbol=btcusdt/date=20251224/data.parquet
[S3] MISSING | Key: exchange=binance/stream=bbo/symbol=btcusdt/date=20251224/data.parquet
[REQ] 47a1f1bd-8f2c-48e0-a30d-4007b61c1b7f | GET /status | date=20251224 | status=304 | 16ms
[S3] MISSING | Key: exchange=binance/stream=bbo/symbol=btcusdt/date=20251226/data.parquet
[S3] MISSING | Key: features/featureset=v1/exchange=binance/stream=bbo/symbol=btcusdt/date=20251226/data.parquet
[REQ] 49472ab1-5230-44ef-a177-b0debc993b54 | GET /status | date=20251226 | status=304 | 22ms
[S3] MISSING | Key: exchange=binance/stream=bbo/symbol=btcusdt/date=20251227/data.parquet
[S3] MISSING | Key: features/featureset=v1/exchange=binance/stream=bbo/symbol=btcusdt/date=20251227/data.parquet
[REQ] 0f3a81a5-dd48-4b02-8c5c-ef383cbab2f7 | GET /status | date=20251227 | status=304 | 18ms
[S3] EXISTS | Key: exchange=binance/stream=bbo/symbol=btcusdt/date=20251230/data.parquet
[S3] EXISTS | Key: features/featureset=v1/exchange=binance/stream=bbo/symbol=btcusdt/date=20251228/data.parquet
[S3] EXISTS | Key: exchange=binance/stream=bbo/symbol=btcusdt/date=20251228/data.parquet
[REQ] b7f94bf3-abc1-40fb-8a7d-f8c22a7375c2 | GET /status | date=20251228 | status=304 | 13ms
[S3] MISSING | Key: features/featureset=v1/exchange=binance/stream=bbo/symbol=btcusdt/date=20251230/data.parquet
[REQ] d94452ba-041d-4116-b96b-f76b139fbc6a | GET /status | date=20251230 | status=304 | 20ms
[S3] EXISTS | Key: features/featureset=v1/exchange=binance/stream=bbo/symbol=btcusdt/date=20251229/data.parquet
[S3] EXISTS | Key: exchange=binance/stream=bbo/symbol=btcusdt/date=20251229/data.parquet
[REQ] 39f20c99-79c5-4a6c-bf21-7f3689492b0e | GET /status | date=20251229 | status=304 | 19ms
[S3] EXISTS | Key: exchange=binance/stream=bbo/symbol=btcusdt/date=20251230/data.parquet
[S3] MISSING | Key: features/featureset=v1/exchange=binance/stream=bbo/symbol=btcusdt/date=20251230/data.parquet
[REQ] 7e8b1bc6-39a5-4ecf-91d1-19c6a9ce9bab | GET /status | date=20251230 | status=304 | 13ms
[REQ] f6273e3d-a5c1-40b7-8bed-bd82272ccdb4 | GET /funnel | date=20251230 | status=404 | 2ms
[REQ] 86b81b73-9284-459a-b4a0-056e4c77ad52 | GET /today | date=N/A | status=304 | 1ms
[REQ] 5fbfd250-b5d7-4003-8e80-01fcc803f16b | GET /reasons | date=20251230 | status=304 | 6ms
[REQ] 0627a5bb-cc30-4bdb-bd2b-eb042f19c26b | GET / | date=20251230 | status=304 | 17ms
[REQ] 0e520e4a-6bfa-4238-909d-cb3e1d7da453 | GET / | date=N/A | status=304 | 22ms
[S3] MISSING | Key: exchange=binance/stream=bbo/symbol=btcusdt/date=20251226/data.parquet
[S3] MISSING | Key: exchange=binance/stream=bbo/symbol=btcusdt/date=20251223/data.parquet
[S3] MISSING | Key: features/featureset=v1/exchange=binance/stream=bbo/symbol=btcusdt/date=20251223/data.parquet
[REQ] 1d5f082f-03e2-4cbb-82dc-5917fbd4a006 | GET /status | date=20251223 | status=200 | 31ms
[S3] MISSING | Key: features/featureset=v1/exchange=binance/stream=bbo/symbol=btcusdt/date=20251226/data.parquet
[REQ] 9edacee6-cfe6-4dc3-a609-ebbe031ee9a8 | GET /status | date=20251226 | status=304 | 27ms
[S3] MISSING | Key: exchange=binance/stream=bbo/symbol=btcusdt/date=20251225/data.parquet
[S3] MISSING | Key: exchange=binance/stream=bbo/symbol=btcusdt/date=20251224/data.parquet
[S3] EXISTS | Key: exchange=binance/stream=bbo/symbol=btcusdt/date=20251229/data.parquet
[S3] MISSING | Key: exchange=binance/stream=bbo/symbol=btcusdt/date=20251227/data.parquet
[S3] MISSING | Key: features/featureset=v1/exchange=binance/stream=bbo/symbol=btcusdt/date=20251225/data.parquet
[REQ] 9c304c7e-c9f5-4b86-af6c-acfe730078a1 | GET /status | date=20251225 | status=304 | 32ms
[S3] MISSING | Key: features/featureset=v1/exchange=binance/stream=bbo/symbol=btcusdt/date=20251227/data.parquet
[REQ] 0d6dae97-a81a-4168-a7f9-b297e5256b83 | GET /status | date=20251227 | status=304 | 23ms
[S3] EXISTS | Key: features/featureset=v1/exchange=binance/stream=bbo/symbol=btcusdt/date=20251229/data.parquet
[REQ] db1e8b7a-cc4e-49d6-be0e-add84c0bae18 | GET /status | date=20251229 | status=304 | 37ms
[S3] MISSING | Key: features/featureset=v1/exchange=binance/stream=bbo/symbol=btcusdt/date=20251224/data.parquet
[REQ] 49a66c3f-0db5-4861-a1fe-4ad01b3d2bfe | GET /status | date=20251224 | status=304 | 34ms
[S3] EXISTS | Key: exchange=binance/stream=bbo/symbol=btcusdt/date=20251228/data.parquet
[S3] EXISTS | Key: features/featureset=v1/exchange=binance/stream=bbo/symbol=btcusdt/date=20251228/data.parquet
[REQ] bcd878ee-7d1c-49fd-9e2f-60e307385aa1 | GET /status | date=20251228 | status=304 | 61ms
[S3] EXISTS | Key: features/featureset=v1/exchange=binance/stream=bbo/symbol=btcusdt/date=20251228/data.parquet
[S3] EXISTS | Key: exchange=binance/stream=bbo/symbol=btcusdt/date=20251228/data.parquet
[REQ] 81374c77-f0a4-4378-a2ea-5b024685b7d9 | GET /status | date=20251228 | status=304 | 12ms
[REQ] 12804bf9-2487-460e-8073-276288cfeb26 | GET /today | date=N/A | status=304 | 0ms
[REQ] f760cd42-fee1-4d5b-a168-5b378ba58ea3 | GET / | date=20251228 | status=200 | 5ms
[REQ] e80f7d9d-3b43-458f-90fe-15fe9a2b9871 | GET /reasons | date=20251228 | status=200 | 4ms
[REQ] 38a69132-ae03-4988-85fb-4f05444f4cee | GET /funnel | date=20251228 | status=404 | 8ms
[REQ] 9c96dc74-da6a-4638-9f29-830fe2cf3f86 | GET / | date=N/A | status=304 | 11ms
[S3] MISSING | Key: features/featureset=v1/exchange=binance/stream=bbo/symbol=btcusdt/date=20251221/data.parquet
[S3] MISSING | Key: exchange=binance/stream=bbo/symbol=btcusdt/date=20251221/data.parquet
[REQ] d03192b1-37eb-49a2-957e-5836550f78c0 | GET /status | date=20251221 | status=200 | 18ms
[S3] MISSING | Key: exchange=binance/stream=bbo/symbol=btcusdt/date=20251222/data.parquet
[S3] MISSING | Key: features/featureset=v1/exchange=binance/stream=bbo/symbol=btcusdt/date=20251224/data.parquet
[S3] MISSING | Key: features/featureset=v1/exchange=binance/stream=bbo/symbol=btcusdt/date=20251225/data.parquet
[S3] MISSING | Key: features/featureset=v1/exchange=binance/stream=bbo/symbol=btcusdt/date=20251222/data.parquet
[REQ] 78b551fc-91a4-42f9-9e6c-e96df0b22782 | GET /status | date=20251222 | status=200 | 23ms
[S3] MISSING | Key: exchange=binance/stream=bbo/symbol=btcusdt/date=20251225/data.parquet
[REQ] 34d4dd36-1eca-4b1a-88be-edf5e4fe0540 | GET /status | date=20251225 | status=304 | 16ms
[S3] MISSING | Key: exchange=binance/stream=bbo/symbol=btcusdt/date=20251224/data.parquet
[REQ] 2e50c5b4-3467-46f7-a9b4-db295ede90ff | GET /status | date=20251224 | status=304 | 39ms
[S3] MISSING | Key: features/featureset=v1/exchange=binance/stream=bbo/symbol=btcusdt/date=20251226/data.parquet
[S3] MISSING | Key: features/featureset=v1/exchange=binance/stream=bbo/symbol=btcusdt/date=20251227/data.parquet
[S3] MISSING | Key: exchange=binance/stream=bbo/symbol=btcusdt/date=20251226/data.parquet
[REQ] 33547282-2700-411b-ba34-67b3c2e6cab5 | GET /status | date=20251226 | status=304 | 13ms
[S3] MISSING | Key: features/featureset=v1/exchange=binance/stream=bbo/symbol=btcusdt/date=20251223/data.parquet
[S3] MISSING | Key: exchange=binance/stream=bbo/symbol=btcusdt/date=20251223/data.parquet
[REQ] 1b2e671b-97f6-4cad-be73-e8b42cb6ad0a | GET /status | date=20251223 | status=304 | 15ms
[S3] MISSING | Key: exchange=binance/stream=bbo/symbol=btcusdt/date=20251227/data.parquet
[REQ] d7353059-e317-4356-8c9a-6c7be1985db4 | GET /status | date=20251227 | status=304 | 35ms
[S3] MISSING | Key: features/featureset=v1/exchange=binance/stream=bbo/symbol=btcusdt/date=20251227/data.parquet
[S3] MISSING | Key: exchange=binance/stream=bbo/symbol=btcusdt/date=20251227/data.parquet
[REQ] 86f966b5-df65-4bc4-bb5e-49c5fe71c502 | GET /status | date=20251227 | status=304 | 17ms
[REQ] 1f587e5a-d888-4611-95b9-dcc394d96b60 | GET /today | date=N/A | status=304 | 1ms
[REQ] c3d641d3-6259-4958-80a9-c54941ace2c1 | GET / | date=20251227 | status=200 | 3ms
[REQ] 366e0bb5-4194-4ae1-8316-39e802c71f4f | GET /funnel | date=20251227 | status=404 | 1ms
[REQ] e9012b21-2fd1-4d68-803e-3d0f2a153c6b | GET / | date=N/A | status=304 | 4ms
[REQ] 667b28aa-e6a8-4b82-8c02-9354c50afb3f | GET /reasons | date=20251227 | status=200 | 1ms
[S3] MISSING | Key: exchange=binance/stream=bbo/symbol=btcusdt/date=20251220/data.parquet
[S3] MISSING | Key: features/featureset=v1/exchange=binance/stream=bbo/symbol=btcusdt/date=20251220/data.parquet
[REQ] 5cf0ed2f-4f5b-48e7-aefd-e6f05c008ade | GET /status | date=20251220 | status=200 | 18ms
[S3] MISSING | Key: exchange=binance/stream=bbo/symbol=btcusdt/date=20251221/data.parquet
[S3] MISSING | Key: exchange=binance/stream=bbo/symbol=btcusdt/date=20251223/data.parquet
[S3] MISSING | Key: features/featureset=v1/exchange=binance/stream=bbo/symbol=btcusdt/date=20251221/data.parquet
[REQ] 7e738c53-c413-4c5c-b6e3-1f07ea4114ff | GET /status | date=20251221 | status=304 | 27ms
[S3] MISSING | Key: exchange=binance/stream=bbo/symbol=btcusdt/date=20251226/data.parquet
[S3] MISSING | Key: features/featureset=v1/exchange=binance/stream=bbo/symbol=btcusdt/date=20251226/data.parquet
[REQ] 664da628-65f2-4b03-b2e0-f32d9f7c7b39 | GET /status | date=20251226 | status=304 | 22ms
[S3] MISSING | Key: features/featureset=v1/exchange=binance/stream=bbo/symbol=btcusdt/date=20251223/data.parquet
[REQ] d2d29945-2497-4984-9786-41a3946169d0 | GET /status | date=20251223 | status=304 | 26ms
[S3] MISSING | Key: exchange=binance/stream=bbo/symbol=btcusdt/date=20251224/data.parquet
[S3] MISSING | Key: features/featureset=v1/exchange=binance/stream=bbo/symbol=btcusdt/date=20251224/data.parquet
[REQ] aa50809e-f406-42bb-942c-6c57c2e5d208 | GET /status | date=20251224 | status=304 | 22ms
[S3] MISSING | Key: exchange=binance/stream=bbo/symbol=btcusdt/date=20251225/data.parquet
[S3] MISSING | Key: features/featureset=v1/exchange=binance/stream=bbo/symbol=btcusdt/date=20251225/data.parquet
[REQ] 55901238-138d-4061-ad04-03fc597961a8 | GET /status | date=20251225 | status=304 | 21ms
[S3] MISSING | Key: exchange=binance/stream=bbo/symbol=btcusdt/date=20251222/data.parquet
[S3] MISSING | Key: features/featureset=v1/exchange=binance/stream=bbo/symbol=btcusdt/date=20251222/data.parquet
[REQ] 23c36f9a-0cc8-4c13-b3dc-d13c117c4a5c | GET /status | date=20251222 | status=304 | 38ms
[S3] MISSING | Key: features/featureset=v1/exchange=binance/stream=bbo/symbol=btcusdt/date=20251225/data.parquet
[S3] MISSING | Key: exchange=binance/stream=bbo/symbol=btcusdt/date=20251225/data.parquet
[REQ] 9ad2d374-2094-4c00-bd98-465d00dce0aa | GET /status | date=20251225 | status=304 | 11ms
[REQ] 88efbd72-e8b8-494c-a584-d9fd0f994ae1 | GET /today | date=N/A | status=304 | 1ms
[REQ] e4261bc7-be7c-48ca-94f8-503aa6963c19 | GET / | date=20251225 | status=200 | 6ms
[S3] MISSING | Key: features/featureset=v1/exchange=binance/stream=bbo/symbol=btcusdt/date=20251218/data.parquet
[REQ] acf25ef0-c4dc-49a9-8f08-61d20eba5e2e | GET /reasons | date=20251225 | status=200 | 3ms
[REQ] 140ff39a-9c95-4664-b866-291272c946b6 | GET /funnel | date=20251225 | status=404 | 4ms
[S3] MISSING | Key: exchange=binance/stream=bbo/symbol=btcusdt/date=20251218/data.parquet
[REQ] 55a1265b-4802-4ab6-9699-db22004b5d12 | GET /status | date=20251218 | status=200 | 10ms
[REQ] 701b0397-50c9-4e0f-ac49-3d4441b9c4c2 | GET / | date=N/A | status=304 | 7ms
[S3] MISSING | Key: exchange=binance/stream=bbo/symbol=btcusdt/date=20251219/data.parquet
[S3] MISSING | Key: exchange=binance/stream=bbo/symbol=btcusdt/date=20251221/data.parquet
[S3] MISSING | Key: features/featureset=v1/exchange=binance/stream=bbo/symbol=btcusdt/date=20251223/data.parquet
[S3] MISSING | Key: features/featureset=v1/exchange=binance/stream=bbo/symbol=btcusdt/date=20251219/data.parquet
[REQ] 6219ade1-8d1c-496d-b39e-16f22b258193 | GET /status | date=20251219 | status=200 | 20ms
[S3] MISSING | Key: features/featureset=v1/exchange=binance/stream=bbo/symbol=btcusdt/date=20251221/data.parquet
[REQ] d8d73f84-3f94-4121-a0f2-4608b1866826 | GET /status | date=20251221 | status=304 | 18ms
[S3] MISSING | Key: exchange=binance/stream=bbo/symbol=btcusdt/date=20251223/data.parquet
[REQ] 27a1926f-8253-4296-95c1-ae35936a5068 | GET /status | date=20251223 | status=304 | 16ms
[S3] MISSING | Key: exchange=binance/stream=bbo/symbol=btcusdt/date=20251224/data.parquet
[S3] MISSING | Key: features/featureset=v1/exchange=binance/stream=bbo/symbol=btcusdt/date=20251224/data.parquet
[REQ] cb79e38c-51a4-4674-aa92-bb8e2ec06e87 | GET /status | date=20251224 | status=304 | 17ms
[S3] MISSING | Key: features/featureset=v1/exchange=binance/stream=bbo/symbol=btcusdt/date=20251220/data.parquet
[S3] MISSING | Key: exchange=binance/stream=bbo/symbol=btcusdt/date=20251220/data.parquet
[REQ] d798a05f-8099-4af2-9d9a-fbe39b94e590 | GET /status | date=20251220 | status=304 | 12ms
[S3] MISSING | Key: exchange=binance/stream=bbo/symbol=btcusdt/date=20251222/data.parquet
[S3] MISSING | Key: features/featureset=v1/exchange=binance/stream=bbo/symbol=btcusdt/date=20251222/data.parquet
[REQ] c4104a98-9536-43e1-8346-416e4ec6c155 | GET /status | date=20251222 | status=304 | 18ms
[S3] EXISTS | Key: exchange=binance/stream=bbo/symbol=btcusdt/date=20251230/data.parquet
[S3] MISSING | Key: features/featureset=v1/exchange=binance/stream=bbo/symbol=btcusdt/date=20251230/data.parquet
[REQ] 44191185-9ec7-46ac-93bf-618984b3f79e | GET /status | date=20251230 | status=304 | 19ms
[REQ] 37ee16f2-4451-4d77-ab9b-d18edf9dae0c | GET /today | date=N/A | status=304 | 1ms
[REQ] d3f693f6-d471-445d-a026-181fa739d5b4 | GET / | date=20251230 | status=304 | 10ms
[REQ] f3e1ccba-4c84-4d04-bfbc-c4180956eb03 | GET /funnel | date=20251230 | status=404 | 4ms
[REQ] c5519a0f-c3dd-4866-a6fd-018828b7a143 | GET /reasons | date=20251230 | status=304 | 4ms
[REQ] 7415f180-e621-4f5b-9eae-c2698a7992bb | GET / | date=N/A | status=304 | 13ms
[S3] MISSING | Key: exchange=binance/stream=bbo/symbol=btcusdt/date=20251223/data.parquet
[S3] MISSING | Key: features/featureset=v1/exchange=binance/stream=bbo/symbol=btcusdt/date=20251223/data.parquet
[REQ] 08d3c3d4-f3a3-4ca1-af36-193dfdb74a17 | GET /status | date=20251223 | status=304 | 31ms
[S3] MISSING | Key: exchange=binance/stream=bbo/symbol=btcusdt/date=20251224/data.parquet
[S3] EXISTS | Key: exchange=binance/stream=bbo/symbol=btcusdt/date=20251228/data.parquet
[S3] MISSING | Key: features/featureset=v1/exchange=binance/stream=bbo/symbol=btcusdt/date=20251224/data.parquet
[REQ] 663c3c85-4f07-456b-8115-3215ca5389d3 | GET /status | date=20251224 | status=304 | 23ms
[S3] MISSING | Key: exchange=binance/stream=bbo/symbol=btcusdt/date=20251225/data.parquet
[S3] EXISTS | Key: features/featureset=v1/exchange=binance/stream=bbo/symbol=btcusdt/date=20251228/data.parquet
[REQ] 7974991e-9e1b-47df-ac6e-4abe08c41a74 | GET /status | date=20251228 | status=304 | 21ms
[S3] MISSING | Key: exchange=binance/stream=bbo/symbol=btcusdt/date=20251226/data.parquet
[S3] MISSING | Key: features/featureset=v1/exchange=binance/stream=bbo/symbol=btcusdt/date=20251225/data.parquet
[REQ] f21775a4-637b-4b8b-be73-00a2a207c2cf | GET /status | date=20251225 | status=304 | 18ms
[S3] MISSING | Key: features/featureset=v1/exchange=binance/stream=bbo/symbol=btcusdt/date=20251227/data.parquet
[S3] EXISTS | Key: features/featureset=v1/exchange=binance/stream=bbo/symbol=btcusdt/date=20251229/data.parquet
[S3] EXISTS | Key: exchange=binance/stream=bbo/symbol=btcusdt/date=20251229/data.parquet
[REQ] ba08dd84-a083-40ae-918c-c697d77f0b6d | GET /status | date=20251229 | status=304 | 12ms
[S3] MISSING | Key: features/featureset=v1/exchange=binance/stream=bbo/symbol=btcusdt/date=20251226/data.parquet
[REQ] 364dd2f5-5d09-4bd4-8454-cbfa7865e25d | GET /status | date=20251226 | status=304 | 35ms
[S3] MISSING | Key: exchange=binance/stream=bbo/symbol=btcusdt/date=20251227/data.parquet
[REQ] 6900723e-603f-4bba-bee8-e9e6f1ddfc22 | GET /status | date=20251227 | status=304 | 36ms
[S3] MISSING | Key: features/featureset=v1/exchange=binance/stream=bbo/symbol=btcusdt/date=20251231/data.parquet
[S3] EXISTS | Key: exchange=binance/stream=bbo/symbol=btcusdt/date=20251231/data.parquet
[REQ] 9283f77d-b21b-402b-9c2b-b0314275ff71 | GET /status | date=N/A | status=304 | 26ms
[REQ] 274f6877-ba87-49af-a664-0d1efabb8003 | GET /funnel | date=20251231 | status=404 | 1ms
[REQ] 0126a523-c0e8-49bd-9b83-1523c09ed7ae | GET /reasons | date=20251231 | status=304 | 1ms
[REQ] d0310e33-5689-4fea-afe5-810b777b4c5c | GET / | date=N/A | status=304 | 3ms
[REQ] ec11f7b2-82d9-4577-aac4-5812081abfeb | GET /today | date=N/A | status=304 | 1ms
[REQ] fb848465-4495-4317-aaea-e903e86cc8b8 | GET / | date=20251231 | status=304 | 5ms
[S3] MISSING | Key: features/featureset=v1/exchange=binance/stream=bbo/symbol=btcusdt/date=20251224/data.parquet
[S3] MISSING | Key: exchange=binance/stream=bbo/symbol=btcusdt/date=20251224/data.parquet
[REQ] 4b3ac03e-d5cc-4044-bc9c-5cd3901c181d | GET /status | date=20251224 | status=304 | 21ms
[S3] MISSING | Key: features/featureset=v1/exchange=binance/stream=bbo/symbol=btcusdt/date=20251225/data.parquet
[S3] MISSING | Key: exchange=binance/stream=bbo/symbol=btcusdt/date=20251225/data.parquet
[REQ] 1e759a82-d6bc-4a2a-ba5d-561ef99d0dba | GET /status | date=20251225 | status=304 | 27ms
[S3] EXISTS | Key: exchange=binance/stream=bbo/symbol=btcusdt/date=20251228/data.parquet
[S3] EXISTS | Key: features/featureset=v1/exchange=binance/stream=bbo/symbol=btcusdt/date=20251228/data.parquet
[REQ] 3cf92df2-c1a4-43f6-ad8b-231f5a2f5c5d | GET /status | date=20251228 | status=304 | 17ms
[S3] MISSING | Key: features/featureset=v1/exchange=binance/stream=bbo/symbol=btcusdt/date=20251226/data.parquet
[S3] MISSING | Key: exchange=binance/stream=bbo/symbol=btcusdt/date=20251226/data.parquet
[REQ] 977b12ae-985b-4c0e-9159-539f63e3932a | GET /status | date=20251226 | status=304 | 15ms
[S3] EXISTS | Key: features/featureset=v1/exchange=binance/stream=bbo/symbol=btcusdt/date=20251229/data.parquet
[S3] EXISTS | Key: exchange=binance/stream=bbo/symbol=btcusdt/date=20251229/data.parquet
[REQ] 94421420-dda7-4137-ab6d-5e76555a3bb6 | GET /status | date=20251229 | status=304 | 19ms
[S3] MISSING | Key: features/featureset=v1/exchange=binance/stream=bbo/symbol=btcusdt/date=20251227/data.parquet
[S3] MISSING | Key: exchange=binance/stream=bbo/symbol=btcusdt/date=20251227/data.parquet
[REQ] 5679e0d0-1190-45db-b0d8-c29a88918305 | GET /status | date=20251227 | status=304 | 19ms
[S3] EXISTS | Key: exchange=binance/stream=bbo/symbol=btcusdt/date=20251230/data.parquet
[S3] MISSING | Key: features/featureset=v1/exchange=binance/stream=bbo/symbol=btcusdt/date=20251230/data.parquet
[REQ] b9b1d8ca-de53-4517-9b49-5c4693f52ff2 | GET /status | date=20251230 | status=304 | 22ms
[S3] MISSING | Key: features/featureset=v1/exchange=binance/stream=bbo/symbol=btcusdt/date=20251230/data.parquet
[S3] EXISTS | Key: exchange=binance/stream=bbo/symbol=btcusdt/date=20251230/data.parquet
[REQ] 8f484f4c-5312-4427-a1ea-58e0e9321eb5 | GET /status | date=20251230 | status=304 | 12ms
[REQ] d9b0fac3-b96b-4c87-986c-e476aed3b9d9 | GET / | date=20251230 | status=304 | 1ms
[REQ] 9dd64dc1-2c25-45c9-bad4-448c051c19ce | GET /today | date=N/A | status=304 | 1ms
[REQ] 83a13e7b-a816-4f39-b51e-d9adfedf0342 | GET /funnel | date=20251230 | status=404 | 2ms
[REQ] b099de89-2098-4fc9-953a-13094209db18 | GET /reasons | date=20251230 | status=304 | 2ms
[REQ] 74a75537-9a7f-49a0-972e-dabe36cb3d7a | GET / | date=N/A | status=304 | 3ms
[S3] MISSING | Key: features/featureset=v1/exchange=binance/stream=bbo/symbol=btcusdt/date=20251224/data.parquet
[S3] MISSING | Key: exchange=binance/stream=bbo/symbol=btcusdt/date=20251224/data.parquet
[REQ] 85586127-2090-4fca-834c-30962f5b98fe | GET /status | date=20251224 | status=304 | 14ms
[S3] MISSING | Key: features/featureset=v1/exchange=binance/stream=bbo/symbol=btcusdt/date=20251225/data.parquet
[S3] MISSING | Key: exchange=binance/stream=bbo/symbol=btcusdt/date=20251225/data.parquet
[REQ] c23fcb5d-1358-4f56-ac86-0e1e5920007a | GET /status | date=20251225 | status=304 | 12ms
[S3] EXISTS | Key: features/featureset=v1/exchange=binance/stream=bbo/symbol=btcusdt/date=20251228/data.parquet
[S3] EXISTS | Key: exchange=binance/stream=bbo/symbol=btcusdt/date=20251228/data.parquet
[REQ] 103bda11-765d-481a-b57a-1394e424fe48 | GET /status | date=20251228 | status=304 | 23ms
[S3] MISSING | Key: exchange=binance/stream=bbo/symbol=btcusdt/date=20251226/data.parquet
[S3] MISSING | Key: exchange=binance/stream=bbo/symbol=btcusdt/date=20251223/data.parquet
[S3] MISSING | Key: features/featureset=v1/exchange=binance/stream=bbo/symbol=btcusdt/date=20251226/data.parquet
[REQ] 3dae7795-9a30-4fc5-a689-776ccf2df633 | GET /status | date=20251226 | status=304 | 30ms
[S3] MISSING | Key: features/featureset=v1/exchange=binance/stream=bbo/symbol=btcusdt/date=20251223/data.parquet
[REQ] 194f5768-4411-429d-8195-966a7cd5eff3 | GET /status | date=20251223 | status=304 | 23ms
[S3] MISSING | Key: exchange=binance/stream=bbo/symbol=btcusdt/date=20251227/data.parquet
[S3] MISSING | Key: features/featureset=v1/exchange=binance/stream=bbo/symbol=btcusdt/date=20251227/data.parquet
[REQ] 24b40b42-2f62-4a10-b03f-63aaae94f183 | GET /status | date=20251227 | status=304 | 21ms
[S3] EXISTS | Key: exchange=binance/stream=bbo/symbol=btcusdt/date=20251229/data.parquet
[S3] EXISTS | Key: features/featureset=v1/exchange=binance/stream=bbo/symbol=btcusdt/date=20251229/data.parquet
[REQ] 700d50e4-8904-40cd-b03b-49cd82e347a9 | GET /status | date=20251229 | status=304 | 17ms
[S3] MISSING | Key: features/featureset=v1/exchange=binance/stream=bbo/symbol=btcusdt/date=20251231/data.parquet
[S3] EXISTS | Key: exchange=binance/stream=bbo/symbol=btcusdt/date=20251231/data.parquet
[REQ] 4b2d1d39-f167-4d0d-a3a1-282a1f83b9c6 | GET /status | date=20251231 | status=200 | 19ms
[REQ] 12953e6e-e5f8-4f4a-a186-258255230730 | GET /today | date=N/A | status=304 | 0ms
[REQ] bc5ed50e-dc03-4103-abe4-a4f8c5447c38 | GET /reasons | date=20251231 | status=304 | 3ms
[REQ] 110a5122-b0ce-4547-8d68-0d2c4ea2a17f | GET / | date=20251231 | status=304 | 3ms
[REQ] f730bf05-40c1-4447-a2ad-4a4103cb81d0 | GET / | date=N/A | status=304 | 5ms
[REQ] e15d5f9f-4c64-4773-9e2e-3e0ed3407e3a | GET /funnel | date=20251231 | status=404 | 2ms
[S3] MISSING | Key: features/featureset=v1/exchange=binance/stream=bbo/symbol=btcusdt/date=20251224/data.parquet
[S3] MISSING | Key: exchange=binance/stream=bbo/symbol=btcusdt/date=20251224/data.parquet
[REQ] 0d14f7c1-1d0e-494b-9d1c-144b07bb44e5 | GET /status | date=20251224 | status=304 | 16ms
[S3] EXISTS | Key: exchange=binance/stream=bbo/symbol=btcusdt/date=20251228/data.parquet
[S3] EXISTS | Key: features/featureset=v1/exchange=binance/stream=bbo/symbol=btcusdt/date=20251228/data.parquet
[REQ] 1c58b023-b2e3-40f2-8222-d5fa79b80f28 | GET /status | date=20251228 | status=304 | 21ms
[S3] MISSING | Key: features/featureset=v1/exchange=binance/stream=bbo/symbol=btcusdt/date=20251225/data.parquet
[S3] MISSING | Key: exchange=binance/stream=bbo/symbol=btcusdt/date=20251226/data.parquet
[S3] MISSING | Key: exchange=binance/stream=bbo/symbol=btcusdt/date=20251227/data.parquet
[S3] EXISTS | Key: exchange=binance/stream=bbo/symbol=btcusdt/date=20251229/data.parquet
[S3] MISSING | Key: features/featureset=v1/exchange=binance/stream=bbo/symbol=btcusdt/date=20251226/data.parquet
[REQ] 968487a3-4833-410e-b706-5f8c7739d7b4 | GET /status | date=20251226 | status=304 | 19ms
[S3] MISSING | Key: exchange=binance/stream=bbo/symbol=btcusdt/date=20251225/data.parquet
[REQ] b246ea80-fe6f-47a2-b177-f2665b56e408 | GET /status | date=20251225 | status=304 | 27ms
[S3] MISSING | Key: features/featureset=v1/exchange=binance/stream=bbo/symbol=btcusdt/date=20251227/data.parquet
[REQ] 1f965f63-e09d-4ea1-a130-932ed5e44125 | GET /status | date=20251227 | status=304 | 28ms
[S3] EXISTS | Key: features/featureset=v1/exchange=binance/stream=bbo/symbol=btcusdt/date=20251229/data.parquet
[REQ] f3994c7a-df2b-4bbe-8b90-f5de01cd222c | GET /status | date=20251229 | status=304 | 25ms
[S3] MISSING | Key: features/featureset=v1/exchange=binance/stream=bbo/symbol=btcusdt/date=20251230/data.parquet
[S3] EXISTS | Key: exchange=binance/stream=bbo/symbol=btcusdt/date=20251230/data.parquet
[REQ] 428cbaae-2b0b-4e8c-adc5-8ff464efdfea | GET /status | date=20251230 | status=304 | 17ms
[S3] EXISTS | Key: exchange=binance/stream=bbo/symbol=btcusdt/date=20251230/data.parquet
[S3] MISSING | Key: features/featureset=v1/exchange=binance/stream=bbo/symbol=btcusdt/date=20251230/data.parquet
[REQ] 4aed06f4-f695-42df-8dd1-77931ef754b3 | GET /status | date=20251230 | status=304 | 19ms
[REQ] bd2afd6e-ba5f-40a5-9b0a-5b980029cde6 | GET /funnel | date=20251230 | status=404 | 2ms
[REQ] 92a181de-d5db-4a57-a1e6-62588e5b1dee | GET /today | date=N/A | status=304 | 0ms
[REQ] 35bd8daa-56cf-4882-abd5-1315f0cd06b2 | GET / | date=20251230 | status=304 | 3ms
[REQ] 2439cfd9-9ff5-4570-8bbd-bb1ff983133a | GET /reasons | date=20251230 | status=304 | 2ms
[REQ] 7410f851-d1ea-4970-a29c-dd47bad604e1 | GET / | date=N/A | status=304 | 5ms
[S3] MISSING | Key: exchange=binance/stream=bbo/symbol=btcusdt/date=20251223/data.parquet
[S3] MISSING | Key: features/featureset=v1/exchange=binance/stream=bbo/symbol=btcusdt/date=20251223/data.parquet
[REQ] f922dae1-959a-4ce0-8552-5305c01138a1 | GET /status | date=20251223 | status=304 | 28ms
[S3] MISSING | Key: features/featureset=v1/exchange=binance/stream=bbo/symbol=btcusdt/date=20251224/data.parquet
[S3] MISSING | Key: exchange=binance/stream=bbo/symbol=btcusdt/date=20251224/data.parquet
[REQ] ec50a444-5d27-4c0b-972c-ffcf7874f522 | GET /status | date=20251224 | status=304 | 13ms
[S3] MISSING | Key: exchange=binance/stream=bbo/symbol=btcusdt/date=20251226/data.parquet
[S3] MISSING | Key: features/featureset=v1/exchange=binance/stream=bbo/symbol=btcusdt/date=20251226/data.parquet
[REQ] 2e64c3af-7986-4da3-ba04-d0e1fac05b5e | GET /status | date=20251226 | status=304 | 11ms
[S3] MISSING | Key: exchange=binance/stream=bbo/symbol=btcusdt/date=20251225/data.parquet
[S3] MISSING | Key: features/featureset=v1/exchange=binance/stream=bbo/symbol=btcusdt/date=20251225/data.parquet
[REQ] 3038ad72-9eba-4039-b3e5-fbf36bb8d873 | GET /status | date=20251225 | status=304 | 12ms
[S3] EXISTS | Key: features/featureset=v1/exchange=binance/stream=bbo/symbol=btcusdt/date=20251228/data.parquet
[S3] EXISTS | Key: exchange=binance/stream=bbo/symbol=btcusdt/date=20251228/data.parquet
[REQ] 6d5c2033-4f9a-4719-92b4-5bf4d974bf0f | GET /status | date=20251228 | status=304 | 9ms
[S3] MISSING | Key: exchange=binance/stream=bbo/symbol=btcusdt/date=20251227/data.parquet
[S3] EXISTS | Key: exchange=binance/stream=bbo/symbol=btcusdt/date=20251229/data.parquet
[S3] MISSING | Key: features/featureset=v1/exchange=binance/stream=bbo/symbol=btcusdt/date=20251227/data.parquet
[REQ] c0d306c9-ccf3-4bac-9390-baf3e9bb9f9d | GET /status | date=20251227 | status=304 | 18ms
[S3] EXISTS | Key: features/featureset=v1/exchange=binance/stream=bbo/symbol=btcusdt/date=20251229/data.parquet
[REQ] ac40202d-e117-4ad8-88f1-06d596c7aed4 | GET /status | date=20251229 | status=304 | 16ms
[REQ] 189bf06f-e565-40ef-8126-2a8c39b32a93 | POST / | date=N/A | status=404 | 4ms
