================================================================================
MULTI-DAY DISCOVERY RUNNER
================================================================================
mode:             smoke
exchange:          binance
stream:            bbo
symbol:            ADA/USDT
date_range:        20260112..20260112 (1 day(s))
permutation_test:  OFF (CLI)
heapMB:            6144
heap_limit_mb:     6192
progressEvery:     1
================================================================================

[Dataset] Resolving day files...
[Dataset] progress 1/1: date=20260112 parquet=adausdt_20260112.parquet meta=adausdt_20260112_meta.json
[Dataset] resolved 1 day(s); meta.rows_total=3889966
[dotenv@17.2.3] injecting env (53) from .env -- tip: 🔄 add secrets lifecycle management: https://dotenvx.com/ops
[dotenv@17.2.3] injecting env (0) from .env -- tip: 🔐 encrypt with Dotenvx: https://dotenvx.com

[Run] output_dir=runs/multi-day-discovery/2026-02-08T07-27-50-054Z_binance_bbo_adausdt_20260112_20260112_smoke_perm-off
[Run] starting EdgeDiscoveryPipeline.runMultiDayStreaming(files=1)...

[StatisticalEdgeTester] Permutation test: DISABLED (DISCOVERY_PERMUTATION_TEST=false)
[StatisticalEdgeTester] ⚠️  Statistical validation will rely on t-test + Sharpe only
[EdgeDiscoveryPipeline] ========================================
[EdgeDiscoveryPipeline] Running multi-day discovery (STREAMING) with 1 files
[EdgeDiscoveryPipeline] ========================================
[EdgeDiscoveryPipeline] Step 1: Creating iterator factory...
[DiscoveryDataLoader] Loading multi-day data (streaming): 1 files
[DiscoveryDataLoader] Training regime model on first file (streaming)...
[DiscoveryDataLoader] Collecting regime vectors (streaming)...
{"event":"replay_stats","run_id":"cfdb8a4e-a53e-460e-a8f0-14c6da9e7050","manifest_id":"30d78847f1c0","parquet_path":"data/sprint2/adausdt_20260112.parquet","batch_size":10000,"emitted_rows":3889966,"duration_ms":293801,"stop_reason":"EOF"}
[DiscoveryDataLoader] Collected 3870150 regime vectors from 3889966 events (19816 warmup)
[DiscoveryDataLoader] Regime model trained: 4 clusters
[DiscoveryDataLoader] Memory: regime vectors GC-able now (3870150 vectors)
[DiscoveryDataLoader] Metadata prepared (totalRowCount: TBD via iterator)
[DiscoveryDataLoader] Iterator factory ready for streaming
[EdgeDiscoveryPipeline] Iterator factory ready. Estimated rows: null
[EdgeDiscoveryPipeline] Step 2: Preparing streaming dataset...
[EdgeDiscoveryPipeline] Dataset ready (streaming mode)
[EdgeDiscoveryPipeline] Step 3: Scanning for patterns...
[PatternScanner] Scanning with methods: threshold, quantile, cluster
[PatternScanner] Mode: STREAMING (async iterator detected)
[PatternScanner] Running threshold scan (streaming)...
[DiscoveryDataLoader] Streaming file: data/sprint2/adausdt_20260112.parquet
{"event":"replay_stats","run_id":"43fdc7f1-7167-44c2-acea-7b9871e494b0","manifest_id":"30d78847f1c0","parquet_path":"data/sprint2/adausdt_20260112.parquet","batch_size":10000,"emitted_rows":3889966,"duration_ms":339040,"stop_reason":"EOF"}
[DiscoveryDataLoader] Day collected: 3870150 rows from 3889966 events (19816 warmup)
[DiscoveryDataLoader] Day streamed: 3870150 rows yielded
[PatternScanner] Testing 810 threshold configurations...
[DiscoveryDataLoader] Streaming file: data/sprint2/adausdt_20260112.parquet
{"event":"replay_stats","run_id":"c6390413-d7cb-4103-97b3-7216d04c783a","manifest_id":"30d78847f1c0","parquet_path":"data/sprint2/adausdt_20260112.parquet","batch_size":10000,"emitted_rows":3889966,"duration_ms":342591,"stop_reason":"EOF"}
[DiscoveryDataLoader] Day collected: 3870150 rows from 3889966 events (19816 warmup)
[PatternScanner] Threshold scan processed 500000 rows...
[PatternScanner] Threshold scan processed 1000000 rows...
[PatternScanner] Threshold scan processed 1500000 rows...
[PatternScanner] Threshold scan processed 2000000 rows...
[PatternScanner] Threshold scan processed 2500000 rows...
[PatternScanner] Threshold scan processed 3000000 rows...
[PatternScanner] Threshold scan processed 3500000 rows...
[DiscoveryDataLoader] Day streamed: 3870150 rows yielded
[PatternScanner] Warning: 252 configs exceeded 50000 matches (capped)
[PatternScanner] Threshold scan completed 3870150 rows
[PatternScanner] Threshold scan found 576 patterns (kept 200)
[PatternScanner] Running quantile scan (streaming)...
[PatternScanner] Quantile scan pass 1: collecting feature values...
[DiscoveryDataLoader] Streaming file: data/sprint2/adausdt_20260112.parquet
