DIR: runs/multi-day-discovery/2026-02-08T07-28-13-628Z_binance_bbo_adausdt_20260112_20260112_smoke_perm-off
total 8
drwxrwxr-x  2 deploy deploy 4096 Feb  8 07:28 .
drwxrwxr-x 24 deploy deploy 4096 Feb  8 08:28 ..

DIR: runs/multi-day-discovery/2026-02-08T07-48-48-258Z_binance_bbo_adausdt_20260110_20260110_smoke_perm-off
total 12
drwxrwxr-x  2 deploy deploy 4096 Feb  8 08:03 .
drwxrwxr-x 24 deploy deploy 4096 Feb  8 08:28 ..
-rw-rw-r--  1 deploy deploy 1499 Feb  8 08:03 discovery-report-2026-02-08T07-48-48-258Z.json

DIR: runs/multi-day-discovery/2026-02-08T08-03-46-373Z_binance_bbo_adausdt_20260111_20260111_smoke_perm-off
total 8
drwxrwxr-x  2 deploy deploy 4096 Feb  8 08:03 .
drwxrwxr-x 24 deploy deploy 4096 Feb  8 08:28 ..

DIR: runs/multi-day-discovery/2026-02-08T08-24-07-483Z_binance_bbo_adausdt_20260203_20260203_smoke_perm-off
total 12
drwxrwxr-x  2 deploy deploy 4096 Feb  8 08:26 .
drwxrwxr-x 24 deploy deploy 4096 Feb  8 08:28 ..
-rw-rw-r--  1 deploy deploy 1495 Feb  8 08:26 discovery-report-2026-02-08T08-24-07-483Z.json

DIR: runs/multi-day-discovery/2026-02-08T08-28-18-917Z_binance_bbo_adausdt_20260204_20260204_smoke_perm-off
total 8
drwxrwxr-x  2 deploy deploy 4096 Feb  8 08:28 .
drwxrwxr-x 24 deploy deploy 4096 Feb  8 08:28 ..

