================================================================================
MULTI-DAY DISCOVERY RUNNER
================================================================================
mode:             smoke
exchange:          binance
stream:            bbo
symbol:            ADA/USDT
date_range:        20260203..20260203 (1 day(s))
permutation_test:  OFF (CLI)
heapMB:            6144
heap_limit_mb:     6192
progressEvery:     1
================================================================================

[Dataset] Resolving day files...
[Dataset] progress 1/1: date=20260203 parquet=adausdt_20260203.parquet meta=adausdt_20260203_meta.json
[Dataset] resolved 1 day(s); meta.rows_total=234292
[dotenv@17.2.3] injecting env (53) from .env -- tip: ðŸ”‘ add access controls to secrets: https://dotenvx.com/ops
[dotenv@17.2.3] injecting env (0) from .env -- tip: ðŸ” prevent building .env in docker: https://dotenvx.com/prebuild

[Run] output_dir=runs/multi-day-discovery/2026-02-08T08-24-07-483Z_binance_bbo_adausdt_20260203_20260203_smoke_perm-off
[Run] starting EdgeDiscoveryPipeline.runMultiDayStreaming(files=1)...

[StatisticalEdgeTester] Permutation test: DISABLED (DISCOVERY_PERMUTATION_TEST=false)
[StatisticalEdgeTester] âš ï¸  Statistical validation will rely on t-test + Sharpe only
[EdgeDiscoveryPipeline] ========================================
[EdgeDiscoveryPipeline] Running multi-day discovery (STREAMING) with 1 files
[EdgeDiscoveryPipeline] ========================================
[EdgeDiscoveryPipeline] Step 1: Creating iterator factory...
[DiscoveryDataLoader] Loading multi-day data (streaming): 1 files
[DiscoveryDataLoader] Training regime model on first file (streaming)...
[DiscoveryDataLoader] Collecting regime vectors (streaming)...
{"event":"replay_stats","run_id":"0523a0d2-c71e-42b1-b368-590b40b44aad","manifest_id":"26b9fe3ede67","parquet_path":"data/test/adausdt_20260203.parquet","batch_size":10000,"emitted_rows":234292,"duration_ms":15397,"stop_reason":"EOF"}
[DiscoveryDataLoader] Collected 234074 regime vectors from 234292 events (218 warmup)
[DiscoveryDataLoader] Regime model trained: 4 clusters
[DiscoveryDataLoader] Memory: regime vectors GC-able now (234074 vectors)
[DiscoveryDataLoader] Metadata prepared (totalRowCount: TBD via iterator)
[DiscoveryDataLoader] Iterator factory ready for streaming
[EdgeDiscoveryPipeline] Iterator factory ready. Estimated rows: null
[EdgeDiscoveryPipeline] Step 2: Preparing streaming dataset...
[EdgeDiscoveryPipeline] Dataset ready (streaming mode)
[EdgeDiscoveryPipeline] Step 3: Scanning for patterns...
[PatternScanner] Scanning with methods: threshold, quantile, cluster
[PatternScanner] Mode: STREAMING (async iterator detected)
[PatternScanner] Running threshold scan (streaming)...
[DiscoveryDataLoader] Streaming file: data/test/adausdt_20260203.parquet
{"event":"replay_stats","run_id":"708b187e-6c85-4e2b-a032-6e632cf8e5c8","manifest_id":"26b9fe3ede67","parquet_path":"data/test/adausdt_20260203.parquet","batch_size":10000,"emitted_rows":234292,"duration_ms":17907,"stop_reason":"EOF"}
[DiscoveryDataLoader] Day collected: 234074 rows from 234292 events (218 warmup)
[DiscoveryDataLoader] Day streamed: 234074 rows yielded
[PatternScanner] Testing 810 threshold configurations...
[DiscoveryDataLoader] Streaming file: data/test/adausdt_20260203.parquet
{"event":"replay_stats","run_id":"39e3e862-08f0-4fc0-9222-b9e085398cb0","manifest_id":"26b9fe3ede67","parquet_path":"data/test/adausdt_20260203.parquet","batch_size":10000,"emitted_rows":234292,"duration_ms":15983,"stop_reason":"EOF"}
[DiscoveryDataLoader] Day collected: 234074 rows from 234292 events (218 warmup)
[DiscoveryDataLoader] Day streamed: 234074 rows yielded
[PatternScanner] Warning: 126 configs exceeded 50000 matches (capped)
[PatternScanner] Threshold scan completed 234074 rows
[PatternScanner] Threshold scan found 531 patterns (kept 200)
[PatternScanner] Running quantile scan (streaming)...
[PatternScanner] Quantile scan pass 1: collecting feature values...
[DiscoveryDataLoader] Streaming file: data/test/adausdt_20260203.parquet
{"event":"replay_stats","run_id":"d202c9f4-5857-4068-8a1f-1dfe74489411","manifest_id":"26b9fe3ede67","parquet_path":"data/test/adausdt_20260203.parquet","batch_size":10000,"emitted_rows":234292,"duration_ms":18066,"stop_reason":"EOF"}
[DiscoveryDataLoader] Day collected: 234074 rows from 234292 events (218 warmup)
[DiscoveryDataLoader] Day streamed: 234074 rows yielded
[PatternScanner] Computed quantiles for 9 features
[PatternScanner] Quantile scan pass 2: matching patterns...
[DiscoveryDataLoader] Streaming file: data/test/adausdt_20260203.parquet
{"event":"replay_stats","run_id":"45d915b8-311f-43c8-8d0a-b51f2c81727c","manifest_id":"26b9fe3ede67","parquet_path":"data/test/adausdt_20260203.parquet","batch_size":10000,"emitted_rows":234292,"duration_ms":16877,"stop_reason":"EOF"}
[DiscoveryDataLoader] Day collected: 234074 rows from 234292 events (218 warmup)
[DiscoveryDataLoader] Day streamed: 234074 rows yielded
[PatternScanner] Quantile scan completed 234074 rows
[PatternScanner] Quantile scan found 48 patterns (kept 48)
[PatternScanner] Running cluster scan (streaming)...
[PatternScanner] Cluster scan pass 1: building feature matrix...
[DiscoveryDataLoader] Streaming file: data/test/adausdt_20260203.parquet
{"event":"replay_stats","run_id":"f23044d6-d969-48c2-a750-93f65f0862f0","manifest_id":"26b9fe3ede67","parquet_path":"data/test/adausdt_20260203.parquet","batch_size":10000,"emitted_rows":234292,"duration_ms":15663,"stop_reason":"EOF"}
[DiscoveryDataLoader] Day collected: 234074 rows from 234292 events (218 warmup)
[DiscoveryDataLoader] Day streamed: 234074 rows yielded
[PatternScanner] Feature matrix built: 234074 rows
[PatternScanner] Cluster model trained (k=12)
[PatternScanner] Cluster scan pass 2: assigning cluster labels...
[DiscoveryDataLoader] Streaming file: data/test/adausdt_20260203.parquet
{"event":"replay_stats","run_id":"229689b6-0781-4872-afa2-d1138c870ec3","manifest_id":"26b9fe3ede67","parquet_path":"data/test/adausdt_20260203.parquet","batch_size":10000,"emitted_rows":234292,"duration_ms":17785,"stop_reason":"EOF"}
[DiscoveryDataLoader] Day collected: 234074 rows from 234292 events (218 warmup)
[DiscoveryDataLoader] Day streamed: 234074 rows yielded
[PatternScanner] Cluster scan completed 234074 rows
[PatternScanner] Cluster scan found 12 patterns (kept 12)
[PatternScanner] Found 260 total patterns (streaming)
[PatternScanner] 0 patterns passed filters (support >= 30, |return| >= 0.0005)
[EdgeDiscoveryPipeline] Found 0 patterns
[EdgeDiscoveryPipeline] No patterns found. Exiting.

================================================================================
DISCOVERY SUMMARY
================================================================================
patterns_scanned:          0
patterns_tested_significant:0
edge_candidates_generated: 0
edge_candidates_registered:0
metadata.dataRowCount:     0
metadata.regimesUsed:      4
metadata.filesLoaded:      1
duration_ms:              136327
================================================================================
[Runner] no_patterns: patterns_scanned=0 (scanner.minSupport=30 scanner.returnThreshold=0.0005)
[Runner] note: threshold/config may be restrictive
[Run] report_saved=runs/multi-day-discovery/2026-02-08T08-24-07-483Z_binance_bbo_adausdt_20260203_20260203_smoke_perm-off/discovery-report-2026-02-08T08-24-07-483Z.json
